{"C:\\Users\\nithy\\DevFlow\\backend\\server.js": {"path":"C:\\Users\\nithy\\DevFlow\\backend\\server.js","statementMap":{"0":{"start":{"line":1,"column":0},"end":{"line":1,"column":27}},"1":{"start":{"line":2,"column":12},"end":{"line":2,"column":26}},"2":{"start":{"line":3,"column":0},"end":{"line":3,"column":39}},"3":{"start":{"line":5,"column":16},"end":{"line":5,"column":34}},"4":{"start":{"line":6,"column":13},"end":{"line":6,"column":28}},"5":{"start":{"line":7,"column":13},"end":{"line":7,"column":28}},"6":{"start":{"line":8,"column":19},"end":{"line":8,"column":39}},"7":{"start":{"line":9,"column":17},"end":{"line":9,"column":37}},"8":{"start":{"line":11,"column":18},"end":{"line":11,"column":40}},"9":{"start":{"line":12,"column":35},"end":{"line":12,"column":71}},"10":{"start":{"line":13,"column":21},"end":{"line":13,"column":54}},"11":{"start":{"line":14,"column":19},"end":{"line":14,"column":50}},"12":{"start":{"line":15,"column":21},"end":{"line":15,"column":45}},"13":{"start":{"line":16,"column":17},"end":{"line":16,"column":45}},"14":{"start":{"line":17,"column":15},"end":{"line":17,"column":40}},"15":{"start":{"line":18,"column":29},"end":{"line":18,"column":59}},"16":{"start":{"line":21,"column":0},"end":{"line":21,"column":19}},"17":{"start":{"line":23,"column":12},"end":{"line":23,"column":21}},"18":{"start":{"line":24,"column":15},"end":{"line":24,"column":37}},"19":{"start":{"line":26,"column":28},"end":{"line":26,"column":60}},"20":{"start":{"line":29,"column":11},"end":{"line":31,"column":2}},"21":{"start":{"line":32,"column":0},"end":{"line":32,"column":18}},"22":{"start":{"line":33,"column":0},"end":{"line":33,"column":15}},"23":{"start":{"line":34,"column":0},"end":{"line":34,"column":20}},"24":{"start":{"line":37,"column":15},"end":{"line":37,"column":32}},"25":{"start":{"line":38,"column":20},"end":{"line":38,"column":42}},"26":{"start":{"line":39,"column":18},"end":{"line":39,"column":47}},"27":{"start":{"line":41,"column":0},"end":{"line":41,"column":18}},"28":{"start":{"line":42,"column":0},"end":{"line":42,"column":23}},"29":{"start":{"line":43,"column":0},"end":{"line":43,"column":31}},"30":{"start":{"line":44,"column":0},"end":{"line":44,"column":30}},"31":{"start":{"line":47,"column":14},"end":{"line":47,"column":52}},"32":{"start":{"line":48,"column":15},"end":{"line":48,"column":46}},"33":{"start":{"line":49,"column":22},"end":{"line":53,"column":2}},"34":{"start":{"line":54,"column":0},"end":{"line":56,"column":1}},"35":{"start":{"line":55,"column":2},"end":{"line":55,"column":33}},"36":{"start":{"line":59,"column":20},"end":{"line":63,"column":2}},"37":{"start":{"line":65,"column":0},"end":{"line":69,"column":1}},"38":{"start":{"line":66,"column":2},"end":{"line":66,"column":42}},"39":{"start":{"line":67,"column":2},"end":{"line":67,"column":45}},"40":{"start":{"line":68,"column":2},"end":{"line":68,"column":52}},"41":{"start":{"line":71,"column":23},"end":{"line":71,"column":88}},"42":{"start":{"line":73,"column":0},"end":{"line":83,"column":4}},"43":{"start":{"line":76,"column":4},"end":{"line":80,"column":5}},"44":{"start":{"line":77,"column":6},"end":{"line":77,"column":27}},"45":{"start":{"line":79,"column":6},"end":{"line":79,"column":56}},"46":{"start":{"line":84,"column":0},"end":{"line":84,"column":24}},"47":{"start":{"line":85,"column":0},"end":{"line":85,"column":24}},"48":{"start":{"line":86,"column":0},"end":{"line":86,"column":48}},"49":{"start":{"line":88,"column":22},"end":{"line":88,"column":56}},"50":{"start":{"line":89,"column":22},"end":{"line":89,"column":56}},"51":{"start":{"line":90,"column":18},"end":{"line":90,"column":48}},"52":{"start":{"line":91,"column":19},"end":{"line":91,"column":50}},"53":{"start":{"line":92,"column":18},"end":{"line":92,"column":48}},"54":{"start":{"line":93,"column":23},"end":{"line":93,"column":58}},"55":{"start":{"line":94,"column":27},"end":{"line":94,"column":66}},"56":{"start":{"line":95,"column":22},"end":{"line":95,"column":56}},"57":{"start":{"line":96,"column":21},"end":{"line":96,"column":54}},"58":{"start":{"line":97,"column":19},"end":{"line":97,"column":50}},"59":{"start":{"line":98,"column":21},"end":{"line":98,"column":55}},"60":{"start":{"line":99,"column":24},"end":{"line":99,"column":60}},"61":{"start":{"line":100,"column":23},"end":{"line":100,"column":57}},"62":{"start":{"line":104,"column":0},"end":{"line":104,"column":37}},"63":{"start":{"line":105,"column":0},"end":{"line":105,"column":46}},"64":{"start":{"line":106,"column":0},"end":{"line":106,"column":34}},"65":{"start":{"line":107,"column":0},"end":{"line":107,"column":39}},"66":{"start":{"line":108,"column":0},"end":{"line":108,"column":43}},"67":{"start":{"line":109,"column":0},"end":{"line":109,"column":40}},"68":{"start":{"line":110,"column":0},"end":{"line":110,"column":40}},"69":{"start":{"line":111,"column":0},"end":{"line":111,"column":32}},"70":{"start":{"line":112,"column":0},"end":{"line":112,"column":34}},"71":{"start":{"line":113,"column":0},"end":{"line":113,"column":36}},"72":{"start":{"line":114,"column":0},"end":{"line":114,"column":42}},"73":{"start":{"line":115,"column":0},"end":{"line":115,"column":50}},"74":{"start":{"line":116,"column":0},"end":{"line":116,"column":40}},"75":{"start":{"line":117,"column":0},"end":{"line":117,"column":37}},"76":{"start":{"line":118,"column":0},"end":{"line":118,"column":42}},"77":{"start":{"line":122,"column":0},"end":{"line":124,"column":3}},"78":{"start":{"line":123,"column":2},"end":{"line":123,"column":77}},"79":{"start":{"line":127,"column":0},"end":{"line":127,"column":18}},"80":{"start":{"line":128,"column":0},"end":{"line":128,"column":22}},"81":{"start":{"line":130,"column":13},"end":{"line":130,"column":37}},"82":{"start":{"line":132,"column":0},"end":{"line":138,"column":1}},"83":{"start":{"line":133,"column":2},"end":{"line":135,"column":5}},"84":{"start":{"line":134,"column":4},"end":{"line":134,"column":55}},"85":{"start":{"line":137,"column":2},"end":{"line":137,"column":14}},"86":{"start":{"line":140,"column":0},"end":{"line":140,"column":44}}},"fnMap":{"0":{"name":"(anonymous_0)","decl":{"start":{"line":74,"column":10},"end":{"line":74,"column":11}},"loc":{"start":{"line":74,"column":32},"end":{"line":81,"column":3}},"line":74},"1":{"name":"(anonymous_1)","decl":{"start":{"line":122,"column":13},"end":{"line":122,"column":14}},"loc":{"start":{"line":122,"column":27},"end":{"line":124,"column":1}},"line":122},"2":{"name":"(anonymous_2)","decl":{"start":{"line":133,"column":22},"end":{"line":133,"column":23}},"loc":{"start":{"line":133,"column":28},"end":{"line":135,"column":3}},"line":133}},"branchMap":{"0":{"loc":{"start":{"line":51,"column":7},"end":{"line":51,"column":42}},"type":"cond-expr","locations":[{"start":{"line":51,"column":16},"end":{"line":51,"column":21}},{"start":{"line":51,"column":24},"end":{"line":51,"column":42}}],"line":51},"1":{"loc":{"start":{"line":51,"column":24},"end":{"line":51,"column":42}},"type":"cond-expr","locations":[{"start":{"line":51,"column":32},"end":{"line":51,"column":36}},{"start":{"line":51,"column":39},"end":{"line":51,"column":42}}],"line":51},"2":{"loc":{"start":{"line":54,"column":0},"end":{"line":56,"column":1}},"type":"if","locations":[{"start":{"line":54,"column":0},"end":{"line":56,"column":1}},{"start":{},"end":{}}],"line":54},"3":{"loc":{"start":{"line":61,"column":7},"end":{"line":61,"column":41}},"type":"cond-expr","locations":[{"start":{"line":61,"column":16},"end":{"line":61,"column":21}},{"start":{"line":61,"column":24},"end":{"line":61,"column":41}}],"line":61},"4":{"loc":{"start":{"line":61,"column":24},"end":{"line":61,"column":41}},"type":"cond-expr","locations":[{"start":{"line":61,"column":32},"end":{"line":61,"column":35}},{"start":{"line":61,"column":38},"end":{"line":61,"column":41}}],"line":61},"5":{"loc":{"start":{"line":65,"column":0},"end":{"line":69,"column":1}},"type":"if","locations":[{"start":{"line":65,"column":0},"end":{"line":69,"column":1}},{"start":{},"end":{}}],"line":65},"6":{"loc":{"start":{"line":76,"column":4},"end":{"line":80,"column":5}},"type":"if","locations":[{"start":{"line":76,"column":4},"end":{"line":80,"column":5}},{"start":{"line":78,"column":11},"end":{"line":80,"column":5}}],"line":76},"7":{"loc":{"start":{"line":76,"column":8},"end":{"line":76,"column":50}},"type":"binary-expr","locations":[{"start":{"line":76,"column":8},"end":{"line":76,"column":15}},{"start":{"line":76,"column":19},"end":{"line":76,"column":50}}],"line":76},"8":{"loc":{"start":{"line":130,"column":13},"end":{"line":130,"column":37}},"type":"binary-expr","locations":[{"start":{"line":130,"column":13},"end":{"line":130,"column":29}},{"start":{"line":130,"column":33},"end":{"line":130,"column":37}}],"line":130},"9":{"loc":{"start":{"line":132,"column":0},"end":{"line":138,"column":1}},"type":"if","locations":[{"start":{"line":132,"column":0},"end":{"line":138,"column":1}},{"start":{},"end":{}}],"line":132}},"s":{"0":1,"1":1,"2":1,"3":1,"4":1,"5":1,"6":1,"7":1,"8":1,"9":1,"10":1,"11":1,"12":1,"13":1,"14":1,"15":1,"16":1,"17":1,"18":1,"19":1,"20":1,"21":1,"22":1,"23":1,"24":1,"25":1,"26":1,"27":1,"28":1,"29":1,"30":1,"31":1,"32":1,"33":1,"34":1,"35":0,"36":1,"37":1,"38":0,"39":0,"40":0,"41":1,"42":1,"43":10,"44":10,"45":0,"46":1,"47":1,"48":1,"49":1,"50":1,"51":1,"52":1,"53":1,"54":1,"55":1,"56":1,"57":1,"58":1,"59":1,"60":1,"61":1,"62":1,"63":1,"64":1,"65":1,"66":1,"67":1,"68":1,"69":1,"70":1,"71":1,"72":1,"73":1,"74":1,"75":1,"76":1,"77":1,"78":0,"79":1,"80":1,"81":1,"82":1,"83":0,"84":0,"85":0,"86":1},"f":{"0":10,"1":0,"2":0},"b":{"0":[1,0],"1":[0,0],"2":[0,1],"3":[1,0],"4":[0,0],"5":[0,1],"6":[10,0],"7":[10,0],"8":[1,0],"9":[0,1]},"_coverageSchema":"1a1c01bbd47fc00a2c39e90264f33305004495a9","hash":"201b0a161e23436d4349e118a90b0675629896b0"}
,"C:\\Users\\nithy\\DevFlow\\backend\\config\\cloudinary.js": {"path":"C:\\Users\\nithy\\DevFlow\\backend\\config\\cloudinary.js","statementMap":{"0":{"start":{"line":1,"column":19},"end":{"line":1,"column":43}},"1":{"start":{"line":2,"column":15},"end":{"line":2,"column":41}},"2":{"start":{"line":4,"column":31},"end":{"line":10,"column":1}},"3":{"start":{"line":5,"column":2},"end":{"line":9,"column":4}},"4":{"start":{"line":12,"column":0},"end":{"line":21,"column":1}},"5":{"start":{"line":13,"column":2},"end":{"line":17,"column":5}},"6":{"start":{"line":18,"column":2},"end":{"line":18,"column":72}},"7":{"start":{"line":20,"column":2},"end":{"line":20,"column":123}},"8":{"start":{"line":23,"column":0},"end":{"line":23,"column":56}}},"fnMap":{"0":{"name":"(anonymous_0)","decl":{"start":{"line":4,"column":31},"end":{"line":4,"column":32}},"loc":{"start":{"line":4,"column":37},"end":{"line":10,"column":1}},"line":4}},"branchMap":{"0":{"loc":{"start":{"line":6,"column":4},"end":{"line":8,"column":37}},"type":"binary-expr","locations":[{"start":{"line":6,"column":4},"end":{"line":6,"column":37}},{"start":{"line":7,"column":4},"end":{"line":7,"column":34}},{"start":{"line":8,"column":4},"end":{"line":8,"column":37}}],"line":6},"1":{"loc":{"start":{"line":12,"column":0},"end":{"line":21,"column":1}},"type":"if","locations":[{"start":{"line":12,"column":0},"end":{"line":21,"column":1}},{"start":{"line":19,"column":7},"end":{"line":21,"column":1}}],"line":12}},"s":{"0":1,"1":1,"2":1,"3":1,"4":1,"5":1,"6":1,"7":0,"8":1},"f":{"0":1},"b":{"0":[1,1,1],"1":[1,0]},"_coverageSchema":"1a1c01bbd47fc00a2c39e90264f33305004495a9","hash":"a9f23084b9feecd6a019edf2001b2d7865459ac6"}
,"C:\\Users\\nithy\\DevFlow\\backend\\config\\db.js": {"path":"C:\\Users\\nithy\\DevFlow\\backend\\config\\db.js","statementMap":{"0":{"start":{"line":1,"column":17},"end":{"line":1,"column":36}},"1":{"start":{"line":2,"column":15},"end":{"line":2,"column":41}},"2":{"start":{"line":4,"column":18},"end":{"line":27,"column":1}},"3":{"start":{"line":5,"column":14},"end":{"line":5,"column":35}},"4":{"start":{"line":7,"column":2},"end":{"line":10,"column":3}},"5":{"start":{"line":8,"column":4},"end":{"line":8,"column":53}},"6":{"start":{"line":9,"column":4},"end":{"line":9,"column":20}},"7":{"start":{"line":12,"column":18},"end":{"line":24,"column":3}},"8":{"start":{"line":13,"column":4},"end":{"line":23,"column":5}},"9":{"start":{"line":14,"column":19},"end":{"line":17,"column":8}},"10":{"start":{"line":18,"column":6},"end":{"line":18,"column":71}},"11":{"start":{"line":20,"column":6},"end":{"line":20,"column":64}},"12":{"start":{"line":21,"column":6},"end":{"line":21,"column":65}},"13":{"start":{"line":22,"column":6},"end":{"line":22,"column":32}},"14":{"start":{"line":26,"column":2},"end":{"line":26,"column":18}},"15":{"start":{"line":29,"column":0},"end":{"line":29,"column":27}}},"fnMap":{"0":{"name":"(anonymous_0)","decl":{"start":{"line":4,"column":18},"end":{"line":4,"column":19}},"loc":{"start":{"line":4,"column":30},"end":{"line":27,"column":1}},"line":4},"1":{"name":"(anonymous_1)","decl":{"start":{"line":12,"column":18},"end":{"line":12,"column":19}},"loc":{"start":{"line":12,"column":30},"end":{"line":24,"column":3}},"line":12}},"branchMap":{"0":{"loc":{"start":{"line":7,"column":2},"end":{"line":10,"column":3}},"type":"if","locations":[{"start":{"line":7,"column":2},"end":{"line":10,"column":3}},{"start":{},"end":{}}],"line":7}},"s":{"0":1,"1":1,"2":1,"3":0,"4":0,"5":0,"6":0,"7":0,"8":0,"9":0,"10":0,"11":0,"12":0,"13":0,"14":0,"15":1},"f":{"0":0,"1":0},"b":{"0":[0,0]},"_coverageSchema":"1a1c01bbd47fc00a2c39e90264f33305004495a9","hash":"cda4750ec03d4076fe4e39d596d066c0fbc0ff4c"}
,"C:\\Users\\nithy\\DevFlow\\backend\\config\\passport.js": {"path":"C:\\Users\\nithy\\DevFlow\\backend\\config\\passport.js","statementMap":{"0":{"start":{"line":1,"column":17},"end":{"line":1,"column":36}},"1":{"start":{"line":2,"column":23},"end":{"line":2,"column":66}},"2":{"start":{"line":3,"column":13},"end":{"line":3,"column":44}},"3":{"start":{"line":4,"column":15},"end":{"line":4,"column":41}},"4":{"start":{"line":7,"column":0},"end":{"line":11,"column":1}},"5":{"start":{"line":8,"column":2},"end":{"line":10,"column":4}},"6":{"start":{"line":13,"column":0},"end":{"line":17,"column":1}},"7":{"start":{"line":14,"column":2},"end":{"line":16,"column":4}},"8":{"start":{"line":19,"column":0},"end":{"line":77,"column":2}},"9":{"start":{"line":28,"column":6},"end":{"line":74,"column":7}},"10":{"start":{"line":29,"column":22},"end":{"line":29,"column":90}},"11":{"start":{"line":30,"column":8},"end":{"line":32,"column":9}},"12":{"start":{"line":31,"column":10},"end":{"line":31,"column":69}},"13":{"start":{"line":35,"column":19},"end":{"line":35,"column":48}},"14":{"start":{"line":37,"column":8},"end":{"line":70,"column":9}},"15":{"start":{"line":39,"column":10},"end":{"line":43,"column":11}},"16":{"start":{"line":40,"column":12},"end":{"line":40,"column":39}},"17":{"start":{"line":41,"column":12},"end":{"line":41,"column":35}},"18":{"start":{"line":42,"column":12},"end":{"line":42,"column":30}},"19":{"start":{"line":44,"column":10},"end":{"line":44,"column":34}},"20":{"start":{"line":47,"column":26},"end":{"line":54,"column":12}},"21":{"start":{"line":57,"column":31},"end":{"line":57,"column":70}},"22":{"start":{"line":58,"column":45},"end":{"line":58,"column":78}},"23":{"start":{"line":60,"column":30},"end":{"line":64,"column":12}},"24":{"start":{"line":67,"column":10},"end":{"line":67,"column":65}},"25":{"start":{"line":69,"column":10},"end":{"line":69,"column":37}},"26":{"start":{"line":72,"column":8},"end":{"line":72,"column":104}},"27":{"start":{"line":73,"column":8},"end":{"line":73,"column":33}},"28":{"start":{"line":79,"column":0},"end":{"line":79,"column":26}}},"fnMap":{"0":{"name":"(anonymous_0)","decl":{"start":{"line":27,"column":4},"end":{"line":27,"column":5}},"loc":{"start":{"line":27,"column":56},"end":{"line":75,"column":5}},"line":27}},"branchMap":{"0":{"loc":{"start":{"line":7,"column":0},"end":{"line":11,"column":1}},"type":"if","locations":[{"start":{"line":7,"column":0},"end":{"line":11,"column":1}},{"start":{},"end":{}}],"line":7},"1":{"loc":{"start":{"line":7,"column":4},"end":{"line":7,"column":70}},"type":"binary-expr","locations":[{"start":{"line":7,"column":4},"end":{"line":7,"column":33}},{"start":{"line":7,"column":37},"end":{"line":7,"column":70}}],"line":7},"2":{"loc":{"start":{"line":13,"column":0},"end":{"line":17,"column":1}},"type":"if","locations":[{"start":{"line":13,"column":0},"end":{"line":17,"column":1}},{"start":{},"end":{}}],"line":13},"3":{"loc":{"start":{"line":29,"column":22},"end":{"line":29,"column":90}},"type":"cond-expr","locations":[{"start":{"line":29,"column":60},"end":{"line":29,"column":83}},{"start":{"line":29,"column":86},"end":{"line":29,"column":90}}],"line":29},"4":{"loc":{"start":{"line":29,"column":22},"end":{"line":29,"column":57}},"type":"binary-expr","locations":[{"start":{"line":29,"column":22},"end":{"line":29,"column":36}},{"start":{"line":29,"column":40},"end":{"line":29,"column":57}}],"line":29},"5":{"loc":{"start":{"line":30,"column":8},"end":{"line":32,"column":9}},"type":"if","locations":[{"start":{"line":30,"column":8},"end":{"line":32,"column":9}},{"start":{},"end":{}}],"line":30},"6":{"loc":{"start":{"line":37,"column":8},"end":{"line":70,"column":9}},"type":"if","locations":[{"start":{"line":37,"column":8},"end":{"line":70,"column":9}},{"start":{"line":45,"column":15},"end":{"line":70,"column":9}}],"line":37},"7":{"loc":{"start":{"line":39,"column":10},"end":{"line":43,"column":11}},"type":"if","locations":[{"start":{"line":39,"column":10},"end":{"line":43,"column":11}},{"start":{},"end":{}}],"line":39},"8":{"loc":{"start":{"line":51,"column":20},"end":{"line":51,"column":86}},"type":"cond-expr","locations":[{"start":{"line":51,"column":58},"end":{"line":51,"column":81}},{"start":{"line":51,"column":84},"end":{"line":51,"column":86}}],"line":51},"9":{"loc":{"start":{"line":51,"column":20},"end":{"line":51,"column":55}},"type":"binary-expr","locations":[{"start":{"line":51,"column":20},"end":{"line":51,"column":34}},{"start":{"line":51,"column":38},"end":{"line":51,"column":55}}],"line":51}},"s":{"0":1,"1":1,"2":1,"3":1,"4":1,"5":0,"6":1,"7":0,"8":1,"9":0,"10":0,"11":0,"12":0,"13":0,"14":0,"15":0,"16":0,"17":0,"18":0,"19":0,"20":0,"21":0,"22":0,"23":0,"24":0,"25":0,"26":0,"27":0,"28":1},"f":{"0":0},"b":{"0":[0,1],"1":[1,1],"2":[0,1],"3":[0,0],"4":[0,0],"5":[0,0],"6":[0,0],"7":[0,0],"8":[0,0],"9":[0,0]},"_coverageSchema":"1a1c01bbd47fc00a2c39e90264f33305004495a9","hash":"8ef4a08789306203b9ddfe73413d8c2b185854e7"}
,"C:\\Users\\nithy\\DevFlow\\backend\\controllers\\analytics.controller.js": {"path":"C:\\Users\\nithy\\DevFlow\\backend\\controllers\\analytics.controller.js","statementMap":{"0":{"start":{"line":1,"column":16},"end":{"line":1,"column":50}},"1":{"start":{"line":2,"column":16},"end":{"line":2,"column":50}},"2":{"start":{"line":3,"column":12},"end":{"line":3,"column":42}},"3":{"start":{"line":4,"column":13},"end":{"line":4,"column":44}},"4":{"start":{"line":5,"column":17},"end":{"line":5,"column":52}},"5":{"start":{"line":6,"column":17},"end":{"line":6,"column":52}},"6":{"start":{"line":7,"column":18},"end":{"line":7,"column":54}},"7":{"start":{"line":8,"column":17},"end":{"line":8,"column":36}},"8":{"start":{"line":13,"column":20},"end":{"line":110,"column":1}},"9":{"start":{"line":14,"column":2},"end":{"line":109,"column":3}},"10":{"start":{"line":15,"column":19},"end":{"line":15,"column":31}},"11":{"start":{"line":19,"column":25},"end":{"line":19,"column":35}},"12":{"start":{"line":20,"column":4},"end":{"line":20,"column":53}},"13":{"start":{"line":21,"column":4},"end":{"line":21,"column":38}},"14":{"start":{"line":33,"column":8},"end":{"line":78,"column":6}},"15":{"start":{"line":81,"column":36},"end":{"line":81,"column":38}},"16":{"start":{"line":82,"column":4},"end":{"line":91,"column":5}},"17":{"start":{"line":82,"column":17},"end":{"line":82,"column":18}},"18":{"start":{"line":83,"column":16},"end":{"line":83,"column":26}},"19":{"start":{"line":84,"column":6},"end":{"line":84,"column":33}},"20":{"start":{"line":85,"column":22},"end":{"line":85,"column":51}},"21":{"start":{"line":86,"column":20},"end":{"line":86,"column":63}},"22":{"start":{"line":86,"column":45},"end":{"line":86,"column":62}},"23":{"start":{"line":87,"column":6},"end":{"line":90,"column":9}},"24":{"start":{"line":93,"column":4},"end":{"line":106,"column":7}},"25":{"start":{"line":108,"column":4},"end":{"line":108,"column":16}},"26":{"start":{"line":115,"column":21},"end":{"line":133,"column":1}},"27":{"start":{"line":116,"column":2},"end":{"line":132,"column":3}},"28":{"start":{"line":117,"column":21},"end":{"line":117,"column":29}},"29":{"start":{"line":118,"column":4},"end":{"line":122,"column":5}},"30":{"start":{"line":119,"column":20},"end":{"line":119,"column":54}},"31":{"start":{"line":120,"column":6},"end":{"line":120,"column":29}},"32":{"start":{"line":121,"column":6},"end":{"line":121,"column":25}},"33":{"start":{"line":124,"column":4},"end":{"line":127,"column":7}},"34":{"start":{"line":129,"column":4},"end":{"line":129,"column":44}},"35":{"start":{"line":131,"column":4},"end":{"line":131,"column":16}},"36":{"start":{"line":135,"column":0},"end":{"line":138,"column":2}}},"fnMap":{"0":{"name":"(anonymous_0)","decl":{"start":{"line":13,"column":20},"end":{"line":13,"column":21}},"loc":{"start":{"line":13,"column":46},"end":{"line":110,"column":1}},"line":13},"1":{"name":"(anonymous_1)","decl":{"start":{"line":86,"column":40},"end":{"line":86,"column":41}},"loc":{"start":{"line":86,"column":45},"end":{"line":86,"column":62}},"line":86},"2":{"name":"(anonymous_2)","decl":{"start":{"line":115,"column":21},"end":{"line":115,"column":22}},"loc":{"start":{"line":115,"column":47},"end":{"line":133,"column":1}},"line":115}},"branchMap":{"0":{"loc":{"start":{"line":89,"column":15},"end":{"line":89,"column":38}},"type":"cond-expr","locations":[{"start":{"line":89,"column":23},"end":{"line":89,"column":34}},{"start":{"line":89,"column":37},"end":{"line":89,"column":38}}],"line":89},"1":{"loc":{"start":{"line":118,"column":4},"end":{"line":122,"column":5}},"type":"if","locations":[{"start":{"line":118,"column":4},"end":{"line":122,"column":5}},{"start":{},"end":{}}],"line":118}},"s":{"0":1,"1":1,"2":1,"3":1,"4":1,"5":1,"6":1,"7":1,"8":1,"9":0,"10":0,"11":0,"12":0,"13":0,"14":0,"15":0,"16":0,"17":0,"18":0,"19":0,"20":0,"21":0,"22":0,"23":0,"24":0,"25":0,"26":1,"27":0,"28":0,"29":0,"30":0,"31":0,"32":0,"33":0,"34":0,"35":0,"36":1},"f":{"0":0,"1":0,"2":0},"b":{"0":[0,0],"1":[0,0]},"_coverageSchema":"1a1c01bbd47fc00a2c39e90264f33305004495a9","hash":"c67d89ef078509d523376e384feef1c8cb049014"}
,"C:\\Users\\nithy\\DevFlow\\backend\\controllers\\api-key.controller.js": {"path":"C:\\Users\\nithy\\DevFlow\\backend\\controllers\\api-key.controller.js","statementMap":{"0":{"start":{"line":1,"column":15},"end":{"line":1,"column":32}},"1":{"start":{"line":2,"column":15},"end":{"line":2,"column":32}},"2":{"start":{"line":3,"column":15},"end":{"line":3,"column":48}},"3":{"start":{"line":6,"column":20},"end":{"line":6,"column":64}},"4":{"start":{"line":6,"column":26},"end":{"line":6,"column":64}},"5":{"start":{"line":11,"column":19},"end":{"line":21,"column":1}},"6":{"start":{"line":12,"column":2},"end":{"line":20,"column":3}},"7":{"start":{"line":13,"column":17},"end":{"line":13,"column":83}},"8":{"start":{"line":14,"column":4},"end":{"line":17,"column":7}},"9":{"start":{"line":19,"column":4},"end":{"line":19,"column":16}},"10":{"start":{"line":26,"column":21},"end":{"line":65,"column":1}},"11":{"start":{"line":27,"column":2},"end":{"line":64,"column":3}},"12":{"start":{"line":28,"column":22},"end":{"line":28,"column":30}},"13":{"start":{"line":30,"column":4},"end":{"line":34,"column":5}},"14":{"start":{"line":31,"column":20},"end":{"line":31,"column":50}},"15":{"start":{"line":32,"column":6},"end":{"line":32,"column":29}},"16":{"start":{"line":33,"column":6},"end":{"line":33,"column":25}},"17":{"start":{"line":37,"column":19},"end":{"line":37,"column":40}},"18":{"start":{"line":38,"column":19},"end":{"line":38,"column":49}},"19":{"start":{"line":41,"column":17},"end":{"line":41,"column":41}},"20":{"start":{"line":42,"column":22},"end":{"line":42,"column":53}},"21":{"start":{"line":44,"column":19},"end":{"line":49,"column":6}},"22":{"start":{"line":51,"column":4},"end":{"line":61,"column":7}},"23":{"start":{"line":63,"column":4},"end":{"line":63,"column":16}},"24":{"start":{"line":70,"column":21},"end":{"line":88,"column":1}},"25":{"start":{"line":71,"column":2},"end":{"line":87,"column":3}},"26":{"start":{"line":72,"column":19},"end":{"line":72,"column":29}},"27":{"start":{"line":73,"column":19},"end":{"line":73,"column":82}},"28":{"start":{"line":75,"column":4},"end":{"line":79,"column":5}},"29":{"start":{"line":76,"column":20},"end":{"line":76,"column":50}},"30":{"start":{"line":77,"column":6},"end":{"line":77,"column":29}},"31":{"start":{"line":78,"column":6},"end":{"line":78,"column":25}},"32":{"start":{"line":81,"column":4},"end":{"line":84,"column":7}},"33":{"start":{"line":86,"column":4},"end":{"line":86,"column":16}},"34":{"start":{"line":90,"column":0},"end":{"line":94,"column":2}}},"fnMap":{"0":{"name":"(anonymous_0)","decl":{"start":{"line":6,"column":20},"end":{"line":6,"column":21}},"loc":{"start":{"line":6,"column":26},"end":{"line":6,"column":64}},"line":6},"1":{"name":"(anonymous_1)","decl":{"start":{"line":11,"column":19},"end":{"line":11,"column":20}},"loc":{"start":{"line":11,"column":45},"end":{"line":21,"column":1}},"line":11},"2":{"name":"(anonymous_2)","decl":{"start":{"line":26,"column":21},"end":{"line":26,"column":22}},"loc":{"start":{"line":26,"column":47},"end":{"line":65,"column":1}},"line":26},"3":{"name":"(anonymous_3)","decl":{"start":{"line":70,"column":21},"end":{"line":70,"column":22}},"loc":{"start":{"line":70,"column":47},"end":{"line":88,"column":1}},"line":70}},"branchMap":{"0":{"loc":{"start":{"line":30,"column":4},"end":{"line":34,"column":5}},"type":"if","locations":[{"start":{"line":30,"column":4},"end":{"line":34,"column":5}},{"start":{},"end":{}}],"line":30},"1":{"loc":{"start":{"line":75,"column":4},"end":{"line":79,"column":5}},"type":"if","locations":[{"start":{"line":75,"column":4},"end":{"line":79,"column":5}},{"start":{},"end":{}}],"line":75}},"s":{"0":1,"1":1,"2":1,"3":1,"4":0,"5":1,"6":0,"7":0,"8":0,"9":0,"10":1,"11":0,"12":0,"13":0,"14":0,"15":0,"16":0,"17":0,"18":0,"19":0,"20":0,"21":0,"22":0,"23":0,"24":1,"25":0,"26":0,"27":0,"28":0,"29":0,"30":0,"31":0,"32":0,"33":0,"34":1},"f":{"0":0,"1":0,"2":0,"3":0},"b":{"0":[0,0],"1":[0,0]},"_coverageSchema":"1a1c01bbd47fc00a2c39e90264f33305004495a9","hash":"5c1ce951f470817b5c3e3b8f81639dc4cbcfd5b1"}
,"C:\\Users\\nithy\\DevFlow\\backend\\controllers\\apiVault.controller.js": {"path":"C:\\Users\\nithy\\DevFlow\\backend\\controllers\\apiVault.controller.js","statementMap":{"0":{"start":{"line":2,"column":17},"end":{"line":2,"column":52}},"1":{"start":{"line":3,"column":55},"end":{"line":3,"column":99}},"2":{"start":{"line":4,"column":15},"end":{"line":4,"column":41}},"3":{"start":{"line":5,"column":11},"end":{"line":5,"column":24}},"4":{"start":{"line":6,"column":13},"end":{"line":6,"column":28}},"5":{"start":{"line":9,"column":23},"end":{"line":9,"column":76}},"6":{"start":{"line":12,"column":15},"end":{"line":12,"column":137}},"7":{"start":{"line":13,"column":2},"end":{"line":13,"column":66}},"8":{"start":{"line":14,"column":2},"end":{"line":16,"column":5}},"9":{"start":{"line":15,"column":4},"end":{"line":15,"column":70}},"10":{"start":{"line":15,"column":13},"end":{"line":15,"column":70}},"11":{"start":{"line":21,"column":2},"end":{"line":21,"column":49}},"12":{"start":{"line":21,"column":31},"end":{"line":21,"column":49}},"13":{"start":{"line":22,"column":2},"end":{"line":22,"column":54}},"14":{"start":{"line":28,"column":19},"end":{"line":66,"column":1}},"15":{"start":{"line":29,"column":2},"end":{"line":65,"column":3}},"16":{"start":{"line":30,"column":33},"end":{"line":30,"column":42}},"17":{"start":{"line":31,"column":19},"end":{"line":31,"column":43}},"18":{"start":{"line":33,"column":4},"end":{"line":35,"column":5}},"19":{"start":{"line":34,"column":6},"end":{"line":34,"column":33}},"20":{"start":{"line":37,"column":17},"end":{"line":39,"column":13}},"21":{"start":{"line":42,"column":4},"end":{"line":49,"column":8}},"22":{"start":{"line":42,"column":32},"end":{"line":49,"column":5}},"23":{"start":{"line":52,"column":4},"end":{"line":59,"column":5}},"24":{"start":{"line":53,"column":16},"end":{"line":53,"column":36}},"25":{"start":{"line":54,"column":6},"end":{"line":58,"column":8}},"26":{"start":{"line":56,"column":10},"end":{"line":57,"column":68}},"27":{"start":{"line":61,"column":4},"end":{"line":61,"column":47}},"28":{"start":{"line":62,"column":4},"end":{"line":62,"column":58}},"29":{"start":{"line":64,"column":4},"end":{"line":64,"column":16}},"30":{"start":{"line":71,"column":20},"end":{"line":103,"column":1}},"31":{"start":{"line":72,"column":2},"end":{"line":102,"column":3}},"32":{"start":{"line":73,"column":26},"end":{"line":73,"column":62}},"33":{"start":{"line":76,"column":21},"end":{"line":76,"column":95}},"34":{"start":{"line":77,"column":4},"end":{"line":79,"column":5}},"35":{"start":{"line":78,"column":6},"end":{"line":78,"column":110}},"36":{"start":{"line":81,"column":18},"end":{"line":84,"column":6}},"37":{"start":{"line":86,"column":4},"end":{"line":86,"column":60}},"38":{"start":{"line":87,"column":4},"end":{"line":87,"column":89}},"39":{"start":{"line":89,"column":4},"end":{"line":96,"column":7}},"40":{"start":{"line":98,"column":4},"end":{"line":100,"column":5}},"41":{"start":{"line":99,"column":6},"end":{"line":99,"column":133}},"42":{"start":{"line":101,"column":4},"end":{"line":101,"column":16}},"43":{"start":{"line":108,"column":17},"end":{"line":133,"column":1}},"44":{"start":{"line":109,"column":2},"end":{"line":132,"column":3}},"45":{"start":{"line":110,"column":18},"end":{"line":110,"column":56}},"46":{"start":{"line":111,"column":4},"end":{"line":113,"column":5}},"47":{"start":{"line":112,"column":6},"end":{"line":112,"column":88}},"48":{"start":{"line":114,"column":4},"end":{"line":116,"column":5}},"49":{"start":{"line":115,"column":6},"end":{"line":115,"column":80}},"50":{"start":{"line":118,"column":4},"end":{"line":118,"column":58}},"51":{"start":{"line":120,"column":4},"end":{"line":129,"column":7}},"52":{"start":{"line":131,"column":4},"end":{"line":131,"column":16}},"53":{"start":{"line":138,"column":20},"end":{"line":180,"column":1}},"54":{"start":{"line":139,"column":2},"end":{"line":179,"column":3}},"55":{"start":{"line":140,"column":26},"end":{"line":140,"column":62}},"56":{"start":{"line":142,"column":18},"end":{"line":142,"column":56}},"57":{"start":{"line":143,"column":4},"end":{"line":145,"column":5}},"58":{"start":{"line":144,"column":6},"end":{"line":144,"column":88}},"59":{"start":{"line":146,"column":4},"end":{"line":148,"column":5}},"60":{"start":{"line":147,"column":6},"end":{"line":147,"column":80}},"61":{"start":{"line":151,"column":4},"end":{"line":156,"column":5}},"62":{"start":{"line":152,"column":23},"end":{"line":152,"column":97}},"63":{"start":{"line":153,"column":6},"end":{"line":155,"column":7}},"64":{"start":{"line":154,"column":8},"end":{"line":154,"column":112}},"65":{"start":{"line":158,"column":4},"end":{"line":158,"column":40}},"66":{"start":{"line":159,"column":4},"end":{"line":159,"column":23}},"67":{"start":{"line":161,"column":4},"end":{"line":161,"column":60}},"68":{"start":{"line":162,"column":4},"end":{"line":162,"column":89}},"69":{"start":{"line":164,"column":4},"end":{"line":173,"column":7}},"70":{"start":{"line":175,"column":4},"end":{"line":177,"column":5}},"71":{"start":{"line":176,"column":6},"end":{"line":176,"column":133}},"72":{"start":{"line":178,"column":4},"end":{"line":178,"column":16}},"73":{"start":{"line":185,"column":20},"end":{"line":205,"column":1}},"74":{"start":{"line":186,"column":2},"end":{"line":204,"column":3}},"75":{"start":{"line":187,"column":18},"end":{"line":187,"column":56}},"76":{"start":{"line":188,"column":4},"end":{"line":190,"column":5}},"77":{"start":{"line":189,"column":6},"end":{"line":189,"column":88}},"78":{"start":{"line":191,"column":4},"end":{"line":193,"column":5}},"79":{"start":{"line":192,"column":6},"end":{"line":192,"column":80}},"80":{"start":{"line":195,"column":22},"end":{"line":195,"column":32}},"81":{"start":{"line":196,"column":4},"end":{"line":196,"column":52}},"82":{"start":{"line":198,"column":4},"end":{"line":198,"column":63}},"83":{"start":{"line":199,"column":4},"end":{"line":199,"column":93}},"84":{"start":{"line":201,"column":4},"end":{"line":201,"column":89}},"85":{"start":{"line":203,"column":4},"end":{"line":203,"column":16}},"86":{"start":{"line":210,"column":20},"end":{"line":237,"column":1}},"87":{"start":{"line":211,"column":2},"end":{"line":236,"column":3}},"88":{"start":{"line":212,"column":18},"end":{"line":212,"column":56}},"89":{"start":{"line":213,"column":4},"end":{"line":215,"column":5}},"90":{"start":{"line":214,"column":6},"end":{"line":214,"column":88}},"91":{"start":{"line":216,"column":4},"end":{"line":218,"column":5}},"92":{"start":{"line":217,"column":6},"end":{"line":217,"column":80}},"93":{"start":{"line":221,"column":4},"end":{"line":221,"column":32}},"94":{"start":{"line":222,"column":4},"end":{"line":222,"column":23}},"95":{"start":{"line":224,"column":4},"end":{"line":224,"column":60}},"96":{"start":{"line":225,"column":4},"end":{"line":225,"column":90}},"97":{"start":{"line":227,"column":4},"end":{"line":233,"column":7}},"98":{"start":{"line":235,"column":4},"end":{"line":235,"column":16}},"99":{"start":{"line":242,"column":21},"end":{"line":267,"column":1}},"100":{"start":{"line":243,"column":2},"end":{"line":266,"column":3}},"101":{"start":{"line":244,"column":18},"end":{"line":244,"column":56}},"102":{"start":{"line":245,"column":4},"end":{"line":247,"column":5}},"103":{"start":{"line":246,"column":6},"end":{"line":246,"column":88}},"104":{"start":{"line":248,"column":4},"end":{"line":250,"column":5}},"105":{"start":{"line":249,"column":6},"end":{"line":249,"column":80}},"106":{"start":{"line":252,"column":4},"end":{"line":252,"column":37}},"107":{"start":{"line":253,"column":4},"end":{"line":253,"column":23}},"108":{"start":{"line":255,"column":4},"end":{"line":255,"column":60}},"109":{"start":{"line":257,"column":4},"end":{"line":263,"column":7}},"110":{"start":{"line":265,"column":4},"end":{"line":265,"column":16}},"111":{"start":{"line":269,"column":0},"end":{"line":269,"column":108}}},"fnMap":{"0":{"name":"auditLog","decl":{"start":{"line":11,"column":9},"end":{"line":11,"column":17}},"loc":{"start":{"line":11,"column":54},"end":{"line":17,"column":1}},"line":11},"1":{"name":"(anonymous_1)","decl":{"start":{"line":14,"column":38},"end":{"line":14,"column":39}},"loc":{"start":{"line":14,"column":47},"end":{"line":16,"column":3}},"line":14},"2":{"name":"maskSecret","decl":{"start":{"line":20,"column":9},"end":{"line":20,"column":19}},"loc":{"start":{"line":20,"column":25},"end":{"line":23,"column":1}},"line":20},"3":{"name":"(anonymous_3)","decl":{"start":{"line":28,"column":19},"end":{"line":28,"column":20}},"loc":{"start":{"line":28,"column":45},"end":{"line":66,"column":1}},"line":28},"4":{"name":"(anonymous_4)","decl":{"start":{"line":42,"column":24},"end":{"line":42,"column":25}},"loc":{"start":{"line":42,"column":32},"end":{"line":49,"column":5}},"line":42},"5":{"name":"(anonymous_5)","decl":{"start":{"line":55,"column":8},"end":{"line":55,"column":9}},"loc":{"start":{"line":56,"column":10},"end":{"line":57,"column":68}},"line":56},"6":{"name":"(anonymous_6)","decl":{"start":{"line":71,"column":20},"end":{"line":71,"column":21}},"loc":{"start":{"line":71,"column":46},"end":{"line":103,"column":1}},"line":71},"7":{"name":"(anonymous_7)","decl":{"start":{"line":108,"column":17},"end":{"line":108,"column":18}},"loc":{"start":{"line":108,"column":43},"end":{"line":133,"column":1}},"line":108},"8":{"name":"(anonymous_8)","decl":{"start":{"line":138,"column":20},"end":{"line":138,"column":21}},"loc":{"start":{"line":138,"column":46},"end":{"line":180,"column":1}},"line":138},"9":{"name":"(anonymous_9)","decl":{"start":{"line":185,"column":20},"end":{"line":185,"column":21}},"loc":{"start":{"line":185,"column":46},"end":{"line":205,"column":1}},"line":185},"10":{"name":"(anonymous_10)","decl":{"start":{"line":210,"column":20},"end":{"line":210,"column":21}},"loc":{"start":{"line":210,"column":46},"end":{"line":237,"column":1}},"line":210},"11":{"name":"(anonymous_11)","decl":{"start":{"line":242,"column":21},"end":{"line":242,"column":22}},"loc":{"start":{"line":242,"column":47},"end":{"line":267,"column":1}},"line":242}},"branchMap":{"0":{"loc":{"start":{"line":12,"column":88},"end":{"line":12,"column":104}},"type":"binary-expr","locations":[{"start":{"line":12,"column":88},"end":{"line":12,"column":95}},{"start":{"line":12,"column":99},"end":{"line":12,"column":104}}],"line":12},"1":{"loc":{"start":{"line":12,"column":114},"end":{"line":12,"column":132}},"type":"binary-expr","locations":[{"start":{"line":12,"column":114},"end":{"line":12,"column":123}},{"start":{"line":12,"column":127},"end":{"line":12,"column":132}}],"line":12},"2":{"loc":{"start":{"line":15,"column":4},"end":{"line":15,"column":70}},"type":"if","locations":[{"start":{"line":15,"column":4},"end":{"line":15,"column":70}},{"start":{},"end":{}}],"line":15},"3":{"loc":{"start":{"line":21,"column":2},"end":{"line":21,"column":49}},"type":"if","locations":[{"start":{"line":21,"column":2},"end":{"line":21,"column":49}},{"start":{},"end":{}}],"line":21},"4":{"loc":{"start":{"line":21,"column":6},"end":{"line":21,"column":29}},"type":"binary-expr","locations":[{"start":{"line":21,"column":6},"end":{"line":21,"column":10}},{"start":{"line":21,"column":14},"end":{"line":21,"column":29}}],"line":21},"5":{"loc":{"start":{"line":33,"column":4},"end":{"line":35,"column":5}},"type":"if","locations":[{"start":{"line":33,"column":4},"end":{"line":35,"column":5}},{"start":{},"end":{}}],"line":33},"6":{"loc":{"start":{"line":33,"column":8},"end":{"line":33,"column":38}},"type":"binary-expr","locations":[{"start":{"line":33,"column":8},"end":{"line":33,"column":16}},{"start":{"line":33,"column":20},"end":{"line":33,"column":38}}],"line":33},"7":{"loc":{"start":{"line":44,"column":11},"end":{"line":44,"column":36}},"type":"binary-expr","locations":[{"start":{"line":44,"column":11},"end":{"line":44,"column":22}},{"start":{"line":44,"column":26},"end":{"line":44,"column":36}}],"line":44},"8":{"loc":{"start":{"line":45,"column":13},"end":{"line":45,"column":40}},"type":"binary-expr","locations":[{"start":{"line":45,"column":13},"end":{"line":45,"column":26}},{"start":{"line":45,"column":30},"end":{"line":45,"column":40}}],"line":45},"9":{"loc":{"start":{"line":52,"column":4},"end":{"line":59,"column":5}},"type":"if","locations":[{"start":{"line":52,"column":4},"end":{"line":59,"column":5}},{"start":{},"end":{}}],"line":52},"10":{"loc":{"start":{"line":56,"column":10},"end":{"line":57,"column":68}},"type":"binary-expr","locations":[{"start":{"line":56,"column":10},"end":{"line":56,"column":42}},{"start":{"line":57,"column":11},"end":{"line":57,"column":24}},{"start":{"line":57,"column":28},"end":{"line":57,"column":67}}],"line":56},"11":{"loc":{"start":{"line":77,"column":4},"end":{"line":79,"column":5}},"type":"if","locations":[{"start":{"line":77,"column":4},"end":{"line":79,"column":5}},{"start":{},"end":{}}],"line":77},"12":{"loc":{"start":{"line":98,"column":4},"end":{"line":100,"column":5}},"type":"if","locations":[{"start":{"line":98,"column":4},"end":{"line":100,"column":5}},{"start":{},"end":{}}],"line":98},"13":{"loc":{"start":{"line":99,"column":61},"end":{"line":99,"column":107}},"type":"binary-expr","locations":[{"start":{"line":99,"column":61},"end":{"line":99,"column":85}},{"start":{"line":99,"column":89},"end":{"line":99,"column":107}}],"line":99},"14":{"loc":{"start":{"line":111,"column":4},"end":{"line":113,"column":5}},"type":"if","locations":[{"start":{"line":111,"column":4},"end":{"line":113,"column":5}},{"start":{},"end":{}}],"line":111},"15":{"loc":{"start":{"line":114,"column":4},"end":{"line":116,"column":5}},"type":"if","locations":[{"start":{"line":114,"column":4},"end":{"line":116,"column":5}},{"start":{},"end":{}}],"line":114},"16":{"loc":{"start":{"line":124,"column":13},"end":{"line":124,"column":42}},"type":"binary-expr","locations":[{"start":{"line":124,"column":13},"end":{"line":124,"column":28}},{"start":{"line":124,"column":32},"end":{"line":124,"column":42}}],"line":124},"17":{"loc":{"start":{"line":125,"column":15},"end":{"line":125,"column":46}},"type":"binary-expr","locations":[{"start":{"line":125,"column":15},"end":{"line":125,"column":32}},{"start":{"line":125,"column":36},"end":{"line":125,"column":46}}],"line":125},"18":{"loc":{"start":{"line":143,"column":4},"end":{"line":145,"column":5}},"type":"if","locations":[{"start":{"line":143,"column":4},"end":{"line":145,"column":5}},{"start":{},"end":{}}],"line":143},"19":{"loc":{"start":{"line":146,"column":4},"end":{"line":148,"column":5}},"type":"if","locations":[{"start":{"line":146,"column":4},"end":{"line":148,"column":5}},{"start":{},"end":{}}],"line":146},"20":{"loc":{"start":{"line":151,"column":4},"end":{"line":156,"column":5}},"type":"if","locations":[{"start":{"line":151,"column":4},"end":{"line":156,"column":5}},{"start":{},"end":{}}],"line":151},"21":{"loc":{"start":{"line":151,"column":8},"end":{"line":151,"column":63}},"type":"binary-expr","locations":[{"start":{"line":151,"column":8},"end":{"line":151,"column":26}},{"start":{"line":151,"column":30},"end":{"line":151,"column":63}}],"line":151},"22":{"loc":{"start":{"line":153,"column":6},"end":{"line":155,"column":7}},"type":"if","locations":[{"start":{"line":153,"column":6},"end":{"line":155,"column":7}},{"start":{},"end":{}}],"line":153},"23":{"loc":{"start":{"line":168,"column":13},"end":{"line":168,"column":42}},"type":"binary-expr","locations":[{"start":{"line":168,"column":13},"end":{"line":168,"column":28}},{"start":{"line":168,"column":32},"end":{"line":168,"column":42}}],"line":168},"24":{"loc":{"start":{"line":169,"column":15},"end":{"line":169,"column":46}},"type":"binary-expr","locations":[{"start":{"line":169,"column":15},"end":{"line":169,"column":32}},{"start":{"line":169,"column":36},"end":{"line":169,"column":46}}],"line":169},"25":{"loc":{"start":{"line":175,"column":4},"end":{"line":177,"column":5}},"type":"if","locations":[{"start":{"line":175,"column":4},"end":{"line":177,"column":5}},{"start":{},"end":{}}],"line":175},"26":{"loc":{"start":{"line":176,"column":61},"end":{"line":176,"column":107}},"type":"binary-expr","locations":[{"start":{"line":176,"column":61},"end":{"line":176,"column":85}},{"start":{"line":176,"column":89},"end":{"line":176,"column":107}}],"line":176},"27":{"loc":{"start":{"line":188,"column":4},"end":{"line":190,"column":5}},"type":"if","locations":[{"start":{"line":188,"column":4},"end":{"line":190,"column":5}},{"start":{},"end":{}}],"line":188},"28":{"loc":{"start":{"line":191,"column":4},"end":{"line":193,"column":5}},"type":"if","locations":[{"start":{"line":191,"column":4},"end":{"line":193,"column":5}},{"start":{},"end":{}}],"line":191},"29":{"loc":{"start":{"line":213,"column":4},"end":{"line":215,"column":5}},"type":"if","locations":[{"start":{"line":213,"column":4},"end":{"line":215,"column":5}},{"start":{},"end":{}}],"line":213},"30":{"loc":{"start":{"line":216,"column":4},"end":{"line":218,"column":5}},"type":"if","locations":[{"start":{"line":216,"column":4},"end":{"line":218,"column":5}},{"start":{},"end":{}}],"line":216},"31":{"loc":{"start":{"line":245,"column":4},"end":{"line":247,"column":5}},"type":"if","locations":[{"start":{"line":245,"column":4},"end":{"line":247,"column":5}},{"start":{},"end":{}}],"line":245},"32":{"loc":{"start":{"line":248,"column":4},"end":{"line":250,"column":5}},"type":"if","locations":[{"start":{"line":248,"column":4},"end":{"line":250,"column":5}},{"start":{},"end":{}}],"line":248}},"s":{"0":1,"1":1,"2":1,"3":1,"4":1,"5":1,"6":0,"7":0,"8":0,"9":0,"10":0,"11":0,"12":0,"13":0,"14":1,"15":0,"16":0,"17":0,"18":0,"19":0,"20":0,"21":0,"22":0,"23":0,"24":0,"25":0,"26":0,"27":0,"28":0,"29":0,"30":1,"31":0,"32":0,"33":0,"34":0,"35":0,"36":0,"37":0,"38":0,"39":0,"40":0,"41":0,"42":0,"43":1,"44":0,"45":0,"46":0,"47":0,"48":0,"49":0,"50":0,"51":0,"52":0,"53":1,"54":0,"55":0,"56":0,"57":0,"58":0,"59":0,"60":0,"61":0,"62":0,"63":0,"64":0,"65":0,"66":0,"67":0,"68":0,"69":0,"70":0,"71":0,"72":0,"73":1,"74":0,"75":0,"76":0,"77":0,"78":0,"79":0,"80":0,"81":0,"82":0,"83":0,"84":0,"85":0,"86":1,"87":0,"88":0,"89":0,"90":0,"91":0,"92":0,"93":0,"94":0,"95":0,"96":0,"97":0,"98":0,"99":1,"100":0,"101":0,"102":0,"103":0,"104":0,"105":0,"106":0,"107":0,"108":0,"109":0,"110":0,"111":1},"f":{"0":0,"1":0,"2":0,"3":0,"4":0,"5":0,"6":0,"7":0,"8":0,"9":0,"10":0,"11":0},"b":{"0":[0,0],"1":[0,0],"2":[0,0],"3":[0,0],"4":[0,0],"5":[0,0],"6":[0,0],"7":[0,0],"8":[0,0],"9":[0,0],"10":[0,0,0],"11":[0,0],"12":[0,0],"13":[0,0],"14":[0,0],"15":[0,0],"16":[0,0],"17":[0,0],"18":[0,0],"19":[0,0],"20":[0,0],"21":[0,0],"22":[0,0],"23":[0,0],"24":[0,0],"25":[0,0],"26":[0,0],"27":[0,0],"28":[0,0],"29":[0,0],"30":[0,0],"31":[0,0],"32":[0,0]},"_coverageSchema":"1a1c01bbd47fc00a2c39e90264f33305004495a9","hash":"b17539b6b246325ea4e215b2830e01ae0deab7ff"}
,"C:\\Users\\nithy\\DevFlow\\backend\\controllers\\auth.controller.js": {"path":"C:\\Users\\nithy\\DevFlow\\backend\\controllers\\auth.controller.js","statementMap":{"0":{"start":{"line":1,"column":15},"end":{"line":1,"column":32}},"1":{"start":{"line":2,"column":13},"end":{"line":2,"column":44}},"2":{"start":{"line":8,"column":4},"end":{"line":8,"column":44}},"3":{"start":{"line":13,"column":4},"end":{"line":13,"column":33}},"4":{"start":{"line":17,"column":4},"end":{"line":17,"column":35}},"5":{"start":{"line":18,"column":15},"end":{"line":18,"column":41}},"6":{"start":{"line":23,"column":17},"end":{"line":127,"column":1}},"7":{"start":{"line":24,"column":2},"end":{"line":126,"column":3}},"8":{"start":{"line":26,"column":26},"end":{"line":26,"column":56}},"9":{"start":{"line":28,"column":38},"end":{"line":28,"column":51}},"10":{"start":{"line":31,"column":25},"end":{"line":31,"column":54}},"11":{"start":{"line":32,"column":4},"end":{"line":36,"column":5}},"12":{"start":{"line":33,"column":20},"end":{"line":33,"column":60}},"13":{"start":{"line":34,"column":6},"end":{"line":34,"column":29}},"14":{"start":{"line":35,"column":6},"end":{"line":35,"column":25}},"15":{"start":{"line":39,"column":30},"end":{"line":39,"column":68}},"16":{"start":{"line":40,"column":36},"end":{"line":40,"column":78}},"17":{"start":{"line":43,"column":19},"end":{"line":43,"column":118}},"18":{"start":{"line":46,"column":17},"end":{"line":54,"column":6}},"19":{"start":{"line":59,"column":4},"end":{"line":72,"column":5}},"20":{"start":{"line":60,"column":27},"end":{"line":60,"column":66}},"21":{"start":{"line":61,"column":41},"end":{"line":61,"column":74}},"22":{"start":{"line":63,"column":26},"end":{"line":67,"column":8}},"23":{"start":{"line":69,"column":6},"end":{"line":69,"column":57}},"24":{"start":{"line":71,"column":6},"end":{"line":71,"column":78}},"25":{"start":{"line":77,"column":20},"end":{"line":77,"column":25}},"26":{"start":{"line":78,"column":22},"end":{"line":78,"column":26}},"27":{"start":{"line":79,"column":23},"end":{"line":79,"column":27}},"28":{"start":{"line":81,"column":4},"end":{"line":108,"column":5}},"29":{"start":{"line":82,"column":6},"end":{"line":82,"column":71}},"30":{"start":{"line":83,"column":21},"end":{"line":83,"column":79}},"31":{"start":{"line":84,"column":6},"end":{"line":91,"column":7}},"32":{"start":{"line":85,"column":8},"end":{"line":85,"column":26}},"33":{"start":{"line":86,"column":8},"end":{"line":86,"column":39}},"34":{"start":{"line":87,"column":8},"end":{"line":87,"column":100}},"35":{"start":{"line":89,"column":8},"end":{"line":89,"column":25}},"36":{"start":{"line":90,"column":8},"end":{"line":90,"column":83}},"37":{"start":{"line":93,"column":6},"end":{"line":93,"column":94}},"38":{"start":{"line":94,"column":6},"end":{"line":94,"column":24}},"39":{"start":{"line":95,"column":6},"end":{"line":107,"column":7}},"40":{"start":{"line":102,"column":8},"end":{"line":102,"column":39}},"41":{"start":{"line":103,"column":8},"end":{"line":103,"column":151}},"42":{"start":{"line":105,"column":8},"end":{"line":105,"column":35}},"43":{"start":{"line":106,"column":8},"end":{"line":106,"column":110}},"44":{"start":{"line":110,"column":28},"end":{"line":116,"column":5}},"45":{"start":{"line":118,"column":4},"end":{"line":121,"column":5}},"46":{"start":{"line":119,"column":6},"end":{"line":119,"column":43}},"47":{"start":{"line":120,"column":6},"end":{"line":120,"column":50}},"48":{"start":{"line":123,"column":4},"end":{"line":123,"column":42}},"49":{"start":{"line":125,"column":4},"end":{"line":125,"column":16}},"50":{"start":{"line":132,"column":14},"end":{"line":183,"column":1}},"51":{"start":{"line":133,"column":2},"end":{"line":182,"column":3}},"52":{"start":{"line":135,"column":26},"end":{"line":135,"column":53}},"53":{"start":{"line":136,"column":32},"end":{"line":136,"column":45}},"54":{"start":{"line":139,"column":17},"end":{"line":139,"column":46}},"55":{"start":{"line":140,"column":4},"end":{"line":144,"column":5}},"56":{"start":{"line":141,"column":20},"end":{"line":141,"column":58}},"57":{"start":{"line":142,"column":6},"end":{"line":142,"column":29}},"58":{"start":{"line":143,"column":6},"end":{"line":143,"column":25}},"59":{"start":{"line":147,"column":20},"end":{"line":147,"column":56}},"60":{"start":{"line":148,"column":4},"end":{"line":152,"column":5}},"61":{"start":{"line":149,"column":20},"end":{"line":149,"column":58}},"62":{"start":{"line":150,"column":6},"end":{"line":150,"column":29}},"63":{"start":{"line":151,"column":6},"end":{"line":151,"column":25}},"64":{"start":{"line":155,"column":4},"end":{"line":160,"column":5}},"65":{"start":{"line":156,"column":20},"end":{"line":156,"column":76}},"66":{"start":{"line":157,"column":6},"end":{"line":157,"column":29}},"67":{"start":{"line":158,"column":6},"end":{"line":158,"column":31}},"68":{"start":{"line":159,"column":6},"end":{"line":159,"column":25}},"69":{"start":{"line":163,"column":18},"end":{"line":163,"column":47}},"70":{"start":{"line":164,"column":4},"end":{"line":164,"column":31}},"71":{"start":{"line":166,"column":4},"end":{"line":179,"column":7}},"72":{"start":{"line":181,"column":4},"end":{"line":181,"column":16}},"73":{"start":{"line":188,"column":15},"end":{"line":198,"column":1}},"74":{"start":{"line":189,"column":2},"end":{"line":197,"column":3}},"75":{"start":{"line":190,"column":4},"end":{"line":190,"column":26}},"76":{"start":{"line":191,"column":4},"end":{"line":194,"column":7}},"77":{"start":{"line":196,"column":4},"end":{"line":196,"column":16}},"78":{"start":{"line":203,"column":14},"end":{"line":220,"column":1}},"79":{"start":{"line":204,"column":2},"end":{"line":219,"column":3}},"80":{"start":{"line":205,"column":4},"end":{"line":216,"column":7}},"81":{"start":{"line":218,"column":4},"end":{"line":218,"column":16}},"82":{"start":{"line":225,"column":23},"end":{"line":263,"column":1}},"83":{"start":{"line":226,"column":2},"end":{"line":262,"column":3}},"84":{"start":{"line":228,"column":26},"end":{"line":228,"column":62}},"85":{"start":{"line":229,"column":22},"end":{"line":229,"column":35}},"86":{"start":{"line":232,"column":17},"end":{"line":232,"column":46}},"87":{"start":{"line":233,"column":4},"end":{"line":240,"column":5}},"88":{"start":{"line":235,"column":6},"end":{"line":235,"column":80}},"89":{"start":{"line":236,"column":6},"end":{"line":239,"column":9}},"90":{"start":{"line":243,"column":31},"end":{"line":243,"column":69}},"91":{"start":{"line":244,"column":37},"end":{"line":244,"column":74}},"92":{"start":{"line":247,"column":4},"end":{"line":247,"column":49}},"93":{"start":{"line":248,"column":4},"end":{"line":248,"column":61}},"94":{"start":{"line":249,"column":4},"end":{"line":249,"column":22}},"95":{"start":{"line":252,"column":4},"end":{"line":254,"column":6}},"96":{"start":{"line":253,"column":6},"end":{"line":253,"column":77}},"97":{"start":{"line":256,"column":4},"end":{"line":259,"column":7}},"98":{"start":{"line":261,"column":4},"end":{"line":261,"column":16}},"99":{"start":{"line":268,"column":22},"end":{"line":301,"column":1}},"100":{"start":{"line":269,"column":2},"end":{"line":300,"column":3}},"101":{"start":{"line":270,"column":22},"end":{"line":270,"column":32}},"102":{"start":{"line":273,"column":26},"end":{"line":273,"column":61}},"103":{"start":{"line":274,"column":25},"end":{"line":274,"column":38}},"104":{"start":{"line":277,"column":17},"end":{"line":280,"column":6}},"105":{"start":{"line":282,"column":4},"end":{"line":286,"column":5}},"106":{"start":{"line":283,"column":20},"end":{"line":283,"column":72}},"107":{"start":{"line":284,"column":6},"end":{"line":284,"column":29}},"108":{"start":{"line":285,"column":6},"end":{"line":285,"column":25}},"109":{"start":{"line":289,"column":4},"end":{"line":289,"column":29}},"110":{"start":{"line":290,"column":4},"end":{"line":290,"column":40}},"111":{"start":{"line":291,"column":4},"end":{"line":291,"column":46}},"112":{"start":{"line":292,"column":4},"end":{"line":292,"column":22}},"113":{"start":{"line":294,"column":4},"end":{"line":297,"column":7}},"114":{"start":{"line":299,"column":4},"end":{"line":299,"column":16}},"115":{"start":{"line":306,"column":20},"end":{"line":335,"column":1}},"116":{"start":{"line":307,"column":2},"end":{"line":334,"column":3}},"117":{"start":{"line":308,"column":22},"end":{"line":308,"column":32}},"118":{"start":{"line":311,"column":17},"end":{"line":314,"column":6}},"119":{"start":{"line":316,"column":4},"end":{"line":320,"column":5}},"120":{"start":{"line":317,"column":20},"end":{"line":317,"column":70}},"121":{"start":{"line":318,"column":6},"end":{"line":318,"column":29}},"122":{"start":{"line":319,"column":6},"end":{"line":319,"column":25}},"123":{"start":{"line":323,"column":4},"end":{"line":323,"column":27}},"124":{"start":{"line":324,"column":4},"end":{"line":324,"column":39}},"125":{"start":{"line":325,"column":4},"end":{"line":325,"column":45}},"126":{"start":{"line":326,"column":4},"end":{"line":326,"column":22}},"127":{"start":{"line":328,"column":4},"end":{"line":331,"column":7}},"128":{"start":{"line":333,"column":4},"end":{"line":333,"column":16}},"129":{"start":{"line":340,"column":23},"end":{"line":354,"column":1}},"130":{"start":{"line":341,"column":2},"end":{"line":353,"column":3}},"131":{"start":{"line":342,"column":17},"end":{"line":342,"column":25}},"132":{"start":{"line":343,"column":4},"end":{"line":345,"column":5}},"133":{"start":{"line":344,"column":6},"end":{"line":344,"column":131}},"134":{"start":{"line":347,"column":18},"end":{"line":347,"column":47}},"135":{"start":{"line":348,"column":4},"end":{"line":348,"column":31}},"136":{"start":{"line":350,"column":4},"end":{"line":350,"column":101}},"137":{"start":{"line":352,"column":4},"end":{"line":352,"column":124}},"138":{"start":{"line":359,"column":27},"end":{"line":396,"column":1}},"139":{"start":{"line":360,"column":2},"end":{"line":395,"column":3}},"140":{"start":{"line":361,"column":22},"end":{"line":361,"column":30}},"141":{"start":{"line":362,"column":4},"end":{"line":366,"column":5}},"142":{"start":{"line":363,"column":20},"end":{"line":363,"column":50}},"143":{"start":{"line":364,"column":6},"end":{"line":364,"column":29}},"144":{"start":{"line":365,"column":6},"end":{"line":365,"column":25}},"145":{"start":{"line":368,"column":17},"end":{"line":368,"column":46}},"146":{"start":{"line":369,"column":4},"end":{"line":372,"column":5}},"147":{"start":{"line":371,"column":6},"end":{"line":371,"column":107}},"148":{"start":{"line":374,"column":4},"end":{"line":376,"column":5}},"149":{"start":{"line":375,"column":6},"end":{"line":375,"column":94}},"150":{"start":{"line":379,"column":30},"end":{"line":379,"column":68}},"151":{"start":{"line":380,"column":4},"end":{"line":380,"column":47}},"152":{"start":{"line":381,"column":4},"end":{"line":381,"column":78}},"153":{"start":{"line":382,"column":4},"end":{"line":382,"column":22}},"154":{"start":{"line":385,"column":4},"end":{"line":387,"column":6}},"155":{"start":{"line":386,"column":6},"end":{"line":386,"column":82}},"156":{"start":{"line":389,"column":4},"end":{"line":392,"column":7}},"157":{"start":{"line":394,"column":4},"end":{"line":394,"column":16}},"158":{"start":{"line":398,"column":0},"end":{"line":408,"column":2}}},"fnMap":{"0":{"name":"(anonymous_0)","decl":{"start":{"line":23,"column":17},"end":{"line":23,"column":18}},"loc":{"start":{"line":23,"column":43},"end":{"line":127,"column":1}},"line":23},"1":{"name":"(anonymous_1)","decl":{"start":{"line":132,"column":14},"end":{"line":132,"column":15}},"loc":{"start":{"line":132,"column":40},"end":{"line":183,"column":1}},"line":132},"2":{"name":"(anonymous_2)","decl":{"start":{"line":188,"column":15},"end":{"line":188,"column":16}},"loc":{"start":{"line":188,"column":41},"end":{"line":198,"column":1}},"line":188},"3":{"name":"(anonymous_3)","decl":{"start":{"line":203,"column":14},"end":{"line":203,"column":15}},"loc":{"start":{"line":203,"column":40},"end":{"line":220,"column":1}},"line":203},"4":{"name":"(anonymous_4)","decl":{"start":{"line":225,"column":23},"end":{"line":225,"column":24}},"loc":{"start":{"line":225,"column":49},"end":{"line":263,"column":1}},"line":225},"5":{"name":"(anonymous_5)","decl":{"start":{"line":252,"column":65},"end":{"line":252,"column":66}},"loc":{"start":{"line":253,"column":6},"end":{"line":253,"column":77}},"line":253},"6":{"name":"(anonymous_6)","decl":{"start":{"line":268,"column":22},"end":{"line":268,"column":23}},"loc":{"start":{"line":268,"column":48},"end":{"line":301,"column":1}},"line":268},"7":{"name":"(anonymous_7)","decl":{"start":{"line":306,"column":20},"end":{"line":306,"column":21}},"loc":{"start":{"line":306,"column":46},"end":{"line":335,"column":1}},"line":306},"8":{"name":"(anonymous_8)","decl":{"start":{"line":340,"column":23},"end":{"line":340,"column":24}},"loc":{"start":{"line":340,"column":49},"end":{"line":354,"column":1}},"line":340},"9":{"name":"(anonymous_9)","decl":{"start":{"line":359,"column":27},"end":{"line":359,"column":28}},"loc":{"start":{"line":359,"column":53},"end":{"line":396,"column":1}},"line":359},"10":{"name":"(anonymous_10)","decl":{"start":{"line":385,"column":63},"end":{"line":385,"column":64}},"loc":{"start":{"line":386,"column":6},"end":{"line":386,"column":82}},"line":386}},"branchMap":{"0":{"loc":{"start":{"line":32,"column":4},"end":{"line":36,"column":5}},"type":"if","locations":[{"start":{"line":32,"column":4},"end":{"line":36,"column":5}},{"start":{},"end":{}}],"line":32},"1":{"loc":{"start":{"line":84,"column":6},"end":{"line":91,"column":7}},"type":"if","locations":[{"start":{"line":84,"column":6},"end":{"line":91,"column":7}},{"start":{"line":88,"column":13},"end":{"line":91,"column":7}}],"line":84},"2":{"loc":{"start":{"line":84,"column":10},"end":{"line":84,"column":71}},"type":"binary-expr","locations":[{"start":{"line":84,"column":10},"end":{"line":84,"column":16}},{"start":{"line":84,"column":20},"end":{"line":84,"column":36}},{"start":{"line":84,"column":40},"end":{"line":84,"column":71}}],"line":84},"3":{"loc":{"start":{"line":95,"column":6},"end":{"line":107,"column":7}},"type":"if","locations":[{"start":{"line":95,"column":6},"end":{"line":107,"column":7}},{"start":{"line":104,"column":13},"end":{"line":107,"column":7}}],"line":95},"4":{"loc":{"start":{"line":96,"column":8},"end":{"line":100,"column":49}},"type":"binary-expr","locations":[{"start":{"line":96,"column":8},"end":{"line":96,"column":42}},{"start":{"line":97,"column":8},"end":{"line":97,"column":48}},{"start":{"line":98,"column":8},"end":{"line":98,"column":48}},{"start":{"line":99,"column":8},"end":{"line":99,"column":56}},{"start":{"line":100,"column":8},"end":{"line":100,"column":49}}],"line":96},"5":{"loc":{"start":{"line":103,"column":23},"end":{"line":103,"column":150}},"type":"binary-expr","locations":[{"start":{"line":103,"column":23},"end":{"line":103,"column":39}},{"start":{"line":103,"column":43},"end":{"line":103,"column":150}}],"line":103},"6":{"loc":{"start":{"line":106,"column":23},"end":{"line":106,"column":109}},"type":"binary-expr","locations":[{"start":{"line":106,"column":23},"end":{"line":106,"column":39}},{"start":{"line":106,"column":43},"end":{"line":106,"column":109}}],"line":106},"7":{"loc":{"start":{"line":113,"column":15},"end":{"line":115,"column":133}},"type":"cond-expr","locations":[{"start":{"line":114,"column":10},"end":{"line":114,"column":84}},{"start":{"line":115,"column":10},"end":{"line":115,"column":133}}],"line":113},"8":{"loc":{"start":{"line":118,"column":4},"end":{"line":121,"column":5}},"type":"if","locations":[{"start":{"line":118,"column":4},"end":{"line":121,"column":5}},{"start":{},"end":{}}],"line":118},"9":{"loc":{"start":{"line":140,"column":4},"end":{"line":144,"column":5}},"type":"if","locations":[{"start":{"line":140,"column":4},"end":{"line":144,"column":5}},{"start":{},"end":{}}],"line":140},"10":{"loc":{"start":{"line":148,"column":4},"end":{"line":152,"column":5}},"type":"if","locations":[{"start":{"line":148,"column":4},"end":{"line":152,"column":5}},{"start":{},"end":{}}],"line":148},"11":{"loc":{"start":{"line":155,"column":4},"end":{"line":160,"column":5}},"type":"if","locations":[{"start":{"line":155,"column":4},"end":{"line":160,"column":5}},{"start":{},"end":{}}],"line":155},"12":{"loc":{"start":{"line":233,"column":4},"end":{"line":240,"column":5}},"type":"if","locations":[{"start":{"line":233,"column":4},"end":{"line":240,"column":5}},{"start":{},"end":{}}],"line":233},"13":{"loc":{"start":{"line":282,"column":4},"end":{"line":286,"column":5}},"type":"if","locations":[{"start":{"line":282,"column":4},"end":{"line":286,"column":5}},{"start":{},"end":{}}],"line":282},"14":{"loc":{"start":{"line":316,"column":4},"end":{"line":320,"column":5}},"type":"if","locations":[{"start":{"line":316,"column":4},"end":{"line":320,"column":5}},{"start":{},"end":{}}],"line":316},"15":{"loc":{"start":{"line":343,"column":4},"end":{"line":345,"column":5}},"type":"if","locations":[{"start":{"line":343,"column":4},"end":{"line":345,"column":5}},{"start":{},"end":{}}],"line":343},"16":{"loc":{"start":{"line":344,"column":29},"end":{"line":344,"column":94}},"type":"binary-expr","locations":[{"start":{"line":344,"column":29},"end":{"line":344,"column":51}},{"start":{"line":344,"column":55},"end":{"line":344,"column":94}}],"line":344},"17":{"loc":{"start":{"line":350,"column":21},"end":{"line":350,"column":86}},"type":"binary-expr","locations":[{"start":{"line":350,"column":21},"end":{"line":350,"column":43}},{"start":{"line":350,"column":47},"end":{"line":350,"column":86}}],"line":350},"18":{"loc":{"start":{"line":352,"column":21},"end":{"line":352,"column":86}},"type":"binary-expr","locations":[{"start":{"line":352,"column":21},"end":{"line":352,"column":43}},{"start":{"line":352,"column":47},"end":{"line":352,"column":86}}],"line":352},"19":{"loc":{"start":{"line":362,"column":4},"end":{"line":366,"column":5}},"type":"if","locations":[{"start":{"line":362,"column":4},"end":{"line":366,"column":5}},{"start":{},"end":{}}],"line":362},"20":{"loc":{"start":{"line":369,"column":4},"end":{"line":372,"column":5}},"type":"if","locations":[{"start":{"line":369,"column":4},"end":{"line":372,"column":5}},{"start":{},"end":{}}],"line":369},"21":{"loc":{"start":{"line":374,"column":4},"end":{"line":376,"column":5}},"type":"if","locations":[{"start":{"line":374,"column":4},"end":{"line":376,"column":5}},{"start":{},"end":{}}],"line":374}},"s":{"0":1,"1":1,"2":1,"3":1,"4":1,"5":1,"6":1,"7":2,"8":2,"9":2,"10":2,"11":2,"12":1,"13":1,"14":1,"15":1,"16":1,"17":1,"18":1,"19":1,"20":1,"21":1,"22":1,"23":1,"24":0,"25":1,"26":1,"27":1,"28":1,"29":1,"30":1,"31":1,"32":0,"33":0,"34":0,"35":1,"36":1,"37":0,"38":0,"39":0,"40":0,"41":0,"42":0,"43":0,"44":1,"45":1,"46":0,"47":0,"48":1,"49":0,"50":1,"51":3,"52":3,"53":3,"54":3,"55":3,"56":0,"57":0,"58":0,"59":3,"60":3,"61":1,"62":1,"63":1,"64":2,"65":1,"66":1,"67":1,"68":1,"69":1,"70":1,"71":1,"72":0,"73":1,"74":0,"75":0,"76":0,"77":0,"78":1,"79":1,"80":1,"81":0,"82":1,"83":1,"84":1,"85":1,"86":1,"87":1,"88":0,"89":0,"90":1,"91":1,"92":1,"93":1,"94":1,"95":1,"96":0,"97":1,"98":0,"99":1,"100":1,"101":1,"102":1,"103":1,"104":1,"105":1,"106":1,"107":1,"108":1,"109":0,"110":0,"111":0,"112":0,"113":0,"114":0,"115":1,"116":1,"117":1,"118":1,"119":1,"120":0,"121":0,"122":0,"123":1,"124":1,"125":1,"126":1,"127":1,"128":0,"129":1,"130":0,"131":0,"132":0,"133":0,"134":0,"135":0,"136":0,"137":0,"138":1,"139":0,"140":0,"141":0,"142":0,"143":0,"144":0,"145":0,"146":0,"147":0,"148":0,"149":0,"150":0,"151":0,"152":0,"153":0,"154":0,"155":0,"156":0,"157":0,"158":1},"f":{"0":2,"1":3,"2":0,"3":1,"4":1,"5":0,"6":1,"7":1,"8":0,"9":0,"10":0},"b":{"0":[1,1],"1":[0,1],"2":[1,1,1],"3":[0,0],"4":[0,0,0,0,0],"5":[0,0],"6":[0,0],"7":[1,0],"8":[0,1],"9":[0,3],"10":[1,2],"11":[1,1],"12":[0,1],"13":[1,0],"14":[0,1],"15":[0,0],"16":[0,0],"17":[0,0],"18":[0,0],"19":[0,0],"20":[0,0],"21":[0,0]},"_coverageSchema":"1a1c01bbd47fc00a2c39e90264f33305004495a9","hash":"ec9053b5737ed45ccb034cd70efaabaf12d0bf5a"}
,"C:\\Users\\nithy\\DevFlow\\backend\\controllers\\bookmark.controller.js": {"path":"C:\\Users\\nithy\\DevFlow\\backend\\controllers\\bookmark.controller.js","statementMap":{"0":{"start":{"line":2,"column":17},"end":{"line":2,"column":52}},"1":{"start":{"line":3,"column":55},"end":{"line":3,"column":99}},"2":{"start":{"line":8,"column":21},"end":{"line":36,"column":1}},"3":{"start":{"line":9,"column":2},"end":{"line":35,"column":3}},"4":{"start":{"line":10,"column":33},"end":{"line":10,"column":42}},"5":{"start":{"line":11,"column":19},"end":{"line":11,"column":42}},"6":{"start":{"line":13,"column":4},"end":{"line":15,"column":5}},"7":{"start":{"line":14,"column":6},"end":{"line":14,"column":33}},"8":{"start":{"line":17,"column":4},"end":{"line":23,"column":5}},"9":{"start":{"line":18,"column":6},"end":{"line":22,"column":8}},"10":{"start":{"line":25,"column":22},"end":{"line":27,"column":13}},"11":{"start":{"line":29,"column":4},"end":{"line":32,"column":7}},"12":{"start":{"line":34,"column":4},"end":{"line":34,"column":16}},"13":{"start":{"line":41,"column":23},"end":{"line":49,"column":1}},"14":{"start":{"line":42,"column":2},"end":{"line":48,"column":3}},"15":{"start":{"line":43,"column":26},"end":{"line":43,"column":62}},"16":{"start":{"line":44,"column":21},"end":{"line":44,"column":85}},"17":{"start":{"line":45,"column":4},"end":{"line":45,"column":60}},"18":{"start":{"line":47,"column":4},"end":{"line":47,"column":16}},"19":{"start":{"line":54,"column":23},"end":{"line":72,"column":1}},"20":{"start":{"line":55,"column":2},"end":{"line":71,"column":3}},"21":{"start":{"line":56,"column":26},"end":{"line":56,"column":62}},"22":{"start":{"line":57,"column":21},"end":{"line":61,"column":12}},"23":{"start":{"line":63,"column":4},"end":{"line":67,"column":5}},"24":{"start":{"line":64,"column":20},"end":{"line":64,"column":51}},"25":{"start":{"line":65,"column":6},"end":{"line":65,"column":29}},"26":{"start":{"line":66,"column":6},"end":{"line":66,"column":25}},"27":{"start":{"line":68,"column":4},"end":{"line":68,"column":60}},"28":{"start":{"line":70,"column":4},"end":{"line":70,"column":16}},"29":{"start":{"line":77,"column":23},"end":{"line":89,"column":1}},"30":{"start":{"line":78,"column":2},"end":{"line":88,"column":3}},"31":{"start":{"line":79,"column":21},"end":{"line":79,"column":97}},"32":{"start":{"line":80,"column":4},"end":{"line":84,"column":5}},"33":{"start":{"line":81,"column":20},"end":{"line":81,"column":51}},"34":{"start":{"line":82,"column":6},"end":{"line":82,"column":29}},"35":{"start":{"line":83,"column":6},"end":{"line":83,"column":25}},"36":{"start":{"line":85,"column":4},"end":{"line":85,"column":86}},"37":{"start":{"line":87,"column":4},"end":{"line":87,"column":16}},"38":{"start":{"line":91,"column":0},"end":{"line":96,"column":2}}},"fnMap":{"0":{"name":"(anonymous_0)","decl":{"start":{"line":8,"column":21},"end":{"line":8,"column":22}},"loc":{"start":{"line":8,"column":47},"end":{"line":36,"column":1}},"line":8},"1":{"name":"(anonymous_1)","decl":{"start":{"line":41,"column":23},"end":{"line":41,"column":24}},"loc":{"start":{"line":41,"column":49},"end":{"line":49,"column":1}},"line":41},"2":{"name":"(anonymous_2)","decl":{"start":{"line":54,"column":23},"end":{"line":54,"column":24}},"loc":{"start":{"line":54,"column":49},"end":{"line":72,"column":1}},"line":54},"3":{"name":"(anonymous_3)","decl":{"start":{"line":77,"column":23},"end":{"line":77,"column":24}},"loc":{"start":{"line":77,"column":49},"end":{"line":89,"column":1}},"line":77}},"branchMap":{"0":{"loc":{"start":{"line":13,"column":4},"end":{"line":15,"column":5}},"type":"if","locations":[{"start":{"line":13,"column":4},"end":{"line":15,"column":5}},{"start":{},"end":{}}],"line":13},"1":{"loc":{"start":{"line":13,"column":8},"end":{"line":13,"column":38}},"type":"binary-expr","locations":[{"start":{"line":13,"column":8},"end":{"line":13,"column":16}},{"start":{"line":13,"column":20},"end":{"line":13,"column":38}}],"line":13},"2":{"loc":{"start":{"line":17,"column":4},"end":{"line":23,"column":5}},"type":"if","locations":[{"start":{"line":17,"column":4},"end":{"line":23,"column":5}},{"start":{},"end":{}}],"line":17},"3":{"loc":{"start":{"line":63,"column":4},"end":{"line":67,"column":5}},"type":"if","locations":[{"start":{"line":63,"column":4},"end":{"line":67,"column":5}},{"start":{},"end":{}}],"line":63},"4":{"loc":{"start":{"line":80,"column":4},"end":{"line":84,"column":5}},"type":"if","locations":[{"start":{"line":80,"column":4},"end":{"line":84,"column":5}},{"start":{},"end":{}}],"line":80}},"s":{"0":1,"1":1,"2":1,"3":0,"4":0,"5":0,"6":0,"7":0,"8":0,"9":0,"10":0,"11":0,"12":0,"13":1,"14":0,"15":0,"16":0,"17":0,"18":0,"19":1,"20":0,"21":0,"22":0,"23":0,"24":0,"25":0,"26":0,"27":0,"28":0,"29":1,"30":0,"31":0,"32":0,"33":0,"34":0,"35":0,"36":0,"37":0,"38":1},"f":{"0":0,"1":0,"2":0,"3":0},"b":{"0":[0,0],"1":[0,0],"2":[0,0],"3":[0,0],"4":[0,0]},"_coverageSchema":"1a1c01bbd47fc00a2c39e90264f33305004495a9","hash":"a6d7fe1b0999173cbcb7b92f01b9c3982d134313"}
,"C:\\Users\\nithy\\DevFlow\\backend\\controllers\\comment.controller.js": {"path":"C:\\Users\\nithy\\DevFlow\\backend\\controllers\\comment.controller.js","statementMap":{"0":{"start":{"line":2,"column":16},"end":{"line":2,"column":50}},"1":{"start":{"line":3,"column":13},"end":{"line":3,"column":44}},"2":{"start":{"line":4,"column":16},"end":{"line":4,"column":50}},"3":{"start":{"line":5,"column":16},"end":{"line":5,"column":50}},"4":{"start":{"line":6,"column":12},"end":{"line":6,"column":42}},"5":{"start":{"line":7,"column":32},"end":{"line":7,"column":75}},"6":{"start":{"line":8,"column":30},"end":{"line":8,"column":54}},"7":{"start":{"line":9,"column":20},"end":{"line":9,"column":34}},"8":{"start":{"line":12,"column":24},"end":{"line":18,"column":1}},"9":{"start":{"line":14,"column":2},"end":{"line":14,"column":91}},"10":{"start":{"line":14,"column":32},"end":{"line":14,"column":91}},"11":{"start":{"line":15,"column":2},"end":{"line":15,"column":91}},"12":{"start":{"line":15,"column":32},"end":{"line":15,"column":91}},"13":{"start":{"line":16,"column":2},"end":{"line":16,"column":83}},"14":{"start":{"line":16,"column":28},"end":{"line":16,"column":83}},"15":{"start":{"line":17,"column":2},"end":{"line":17,"column":32}},"16":{"start":{"line":23,"column":20},"end":{"line":58,"column":1}},"17":{"start":{"line":24,"column":2},"end":{"line":57,"column":3}},"18":{"start":{"line":25,"column":37},"end":{"line":25,"column":46}},"19":{"start":{"line":26,"column":4},"end":{"line":28,"column":5}},"20":{"start":{"line":27,"column":6},"end":{"line":27,"column":103}},"21":{"start":{"line":31,"column":19},"end":{"line":31,"column":62}},"22":{"start":{"line":32,"column":4},"end":{"line":47,"column":5}},"23":{"start":{"line":33,"column":22},"end":{"line":33,"column":77}},"24":{"start":{"line":34,"column":6},"end":{"line":36,"column":7}},"25":{"start":{"line":35,"column":8},"end":{"line":35,"column":98}},"26":{"start":{"line":40,"column":6},"end":{"line":40,"column":94}},"27":{"start":{"line":40,"column":36},"end":{"line":40,"column":94}},"28":{"start":{"line":41,"column":6},"end":{"line":41,"column":94}},"29":{"start":{"line":41,"column":36},"end":{"line":41,"column":94}},"30":{"start":{"line":42,"column":6},"end":{"line":42,"column":86}},"31":{"start":{"line":42,"column":32},"end":{"line":42,"column":86}},"32":{"start":{"line":44,"column":6},"end":{"line":46,"column":7}},"33":{"start":{"line":45,"column":8},"end":{"line":45,"column":98}},"34":{"start":{"line":49,"column":21},"end":{"line":52,"column":13}},"35":{"start":{"line":54,"column":4},"end":{"line":54,"column":60}},"36":{"start":{"line":56,"column":4},"end":{"line":56,"column":16}},"37":{"start":{"line":63,"column":22},"end":{"line":122,"column":1}},"38":{"start":{"line":64,"column":2},"end":{"line":121,"column":3}},"39":{"start":{"line":65,"column":46},"end":{"line":65,"column":81}},"40":{"start":{"line":66,"column":19},"end":{"line":66,"column":62}},"41":{"start":{"line":69,"column":4},"end":{"line":82,"column":5}},"42":{"start":{"line":70,"column":22},"end":{"line":70,"column":77}},"43":{"start":{"line":71,"column":6},"end":{"line":71,"column":104}},"44":{"start":{"line":71,"column":20},"end":{"line":71,"column":104}},"45":{"start":{"line":75,"column":6},"end":{"line":75,"column":100}},"46":{"start":{"line":75,"column":36},"end":{"line":75,"column":100}},"47":{"start":{"line":76,"column":6},"end":{"line":76,"column":100}},"48":{"start":{"line":76,"column":36},"end":{"line":76,"column":100}},"49":{"start":{"line":77,"column":6},"end":{"line":77,"column":92}},"50":{"start":{"line":77,"column":32},"end":{"line":77,"column":92}},"51":{"start":{"line":79,"column":6},"end":{"line":81,"column":7}},"52":{"start":{"line":80,"column":8},"end":{"line":80,"column":92}},"53":{"start":{"line":84,"column":20},"end":{"line":90,"column":6}},"54":{"start":{"line":92,"column":22},"end":{"line":92,"column":75}},"55":{"start":{"line":95,"column":4},"end":{"line":116,"column":5}},"56":{"start":{"line":97,"column":23},"end":{"line":97,"column":25}},"57":{"start":{"line":98,"column":6},"end":{"line":107,"column":7}},"58":{"start":{"line":99,"column":18},"end":{"line":99,"column":66}},"59":{"start":{"line":100,"column":8},"end":{"line":100,"column":30}},"60":{"start":{"line":101,"column":13},"end":{"line":107,"column":7}},"61":{"start":{"line":102,"column":18},"end":{"line":102,"column":66}},"62":{"start":{"line":103,"column":8},"end":{"line":103,"column":30}},"63":{"start":{"line":104,"column":13},"end":{"line":107,"column":7}},"64":{"start":{"line":105,"column":18},"end":{"line":105,"column":62}},"65":{"start":{"line":106,"column":8},"end":{"line":106,"column":30}},"66":{"start":{"line":109,"column":6},"end":{"line":109,"column":110}},"67":{"start":{"line":112,"column":17},"end":{"line":112,"column":34}},"68":{"start":{"line":113,"column":6},"end":{"line":115,"column":7}},"69":{"start":{"line":114,"column":8},"end":{"line":114,"column":63}},"70":{"start":{"line":118,"column":4},"end":{"line":118,"column":61}},"71":{"start":{"line":120,"column":4},"end":{"line":120,"column":16}},"72":{"start":{"line":127,"column":22},"end":{"line":158,"column":1}},"73":{"start":{"line":128,"column":2},"end":{"line":157,"column":3}},"74":{"start":{"line":129,"column":20},"end":{"line":129,"column":51}},"75":{"start":{"line":130,"column":4},"end":{"line":130,"column":96}},"76":{"start":{"line":130,"column":18},"end":{"line":130,"column":96}},"77":{"start":{"line":133,"column":21},"end":{"line":133,"column":74}},"78":{"start":{"line":134,"column":18},"end":{"line":134,"column":23}},"79":{"start":{"line":136,"column":4},"end":{"line":138,"column":5}},"80":{"start":{"line":137,"column":6},"end":{"line":137,"column":79}},"81":{"start":{"line":140,"column":4},"end":{"line":142,"column":5}},"82":{"start":{"line":141,"column":6},"end":{"line":141,"column":102}},"83":{"start":{"line":144,"column":4},"end":{"line":144,"column":51}},"84":{"start":{"line":147,"column":4},"end":{"line":152,"column":5}},"85":{"start":{"line":148,"column":17},"end":{"line":148,"column":34}},"86":{"start":{"line":149,"column":6},"end":{"line":151,"column":7}},"87":{"start":{"line":150,"column":8},"end":{"line":150,"column":87}},"88":{"start":{"line":154,"column":4},"end":{"line":154,"column":72}},"89":{"start":{"line":156,"column":4},"end":{"line":156,"column":16}},"90":{"start":{"line":160,"column":0},"end":{"line":164,"column":2}}},"fnMap":{"0":{"name":"(anonymous_0)","decl":{"start":{"line":9,"column":20},"end":{"line":9,"column":21}},"loc":{"start":{"line":9,"column":32},"end":{"line":9,"column":34}},"line":9},"1":{"name":"(anonymous_1)","decl":{"start":{"line":12,"column":24},"end":{"line":12,"column":25}},"loc":{"start":{"line":12,"column":56},"end":{"line":18,"column":1}},"line":12},"2":{"name":"(anonymous_2)","decl":{"start":{"line":23,"column":20},"end":{"line":23,"column":21}},"loc":{"start":{"line":23,"column":46},"end":{"line":58,"column":1}},"line":23},"3":{"name":"(anonymous_3)","decl":{"start":{"line":63,"column":22},"end":{"line":63,"column":23}},"loc":{"start":{"line":63,"column":48},"end":{"line":122,"column":1}},"line":63},"4":{"name":"(anonymous_4)","decl":{"start":{"line":127,"column":22},"end":{"line":127,"column":23}},"loc":{"start":{"line":127,"column":48},"end":{"line":158,"column":1}},"line":127}},"branchMap":{"0":{"loc":{"start":{"line":14,"column":2},"end":{"line":14,"column":91}},"type":"if","locations":[{"start":{"line":14,"column":2},"end":{"line":14,"column":91}},{"start":{},"end":{}}],"line":14},"1":{"loc":{"start":{"line":15,"column":2},"end":{"line":15,"column":91}},"type":"if","locations":[{"start":{"line":15,"column":2},"end":{"line":15,"column":91}},{"start":{},"end":{}}],"line":15},"2":{"loc":{"start":{"line":16,"column":2},"end":{"line":16,"column":83}},"type":"if","locations":[{"start":{"line":16,"column":2},"end":{"line":16,"column":83}},{"start":{},"end":{}}],"line":16},"3":{"loc":{"start":{"line":17,"column":9},"end":{"line":17,"column":31}},"type":"binary-expr","locations":[{"start":{"line":17,"column":9},"end":{"line":17,"column":23}},{"start":{"line":17,"column":27},"end":{"line":17,"column":31}}],"line":17},"4":{"loc":{"start":{"line":26,"column":4},"end":{"line":28,"column":5}},"type":"if","locations":[{"start":{"line":26,"column":4},"end":{"line":28,"column":5}},{"start":{},"end":{}}],"line":26},"5":{"loc":{"start":{"line":26,"column":8},"end":{"line":26,"column":32}},"type":"binary-expr","locations":[{"start":{"line":26,"column":8},"end":{"line":26,"column":19}},{"start":{"line":26,"column":23},"end":{"line":26,"column":32}}],"line":26},"6":{"loc":{"start":{"line":32,"column":4},"end":{"line":47,"column":5}},"type":"if","locations":[{"start":{"line":32,"column":4},"end":{"line":47,"column":5}},{"start":{"line":37,"column":11},"end":{"line":47,"column":5}}],"line":32},"7":{"loc":{"start":{"line":34,"column":6},"end":{"line":36,"column":7}},"type":"if","locations":[{"start":{"line":34,"column":6},"end":{"line":36,"column":7}},{"start":{},"end":{}}],"line":34},"8":{"loc":{"start":{"line":40,"column":6},"end":{"line":40,"column":94}},"type":"if","locations":[{"start":{"line":40,"column":6},"end":{"line":40,"column":94}},{"start":{},"end":{}}],"line":40},"9":{"loc":{"start":{"line":41,"column":6},"end":{"line":41,"column"
[...]
,"C:\\Users\\nithy\\DevFlow\\backend\\utils\\encryption.utils.js": {"path":"C:\\Users\\nithy\\DevFlow\\backend\\utils\\encryption.utils.js","statementMap":{"0":{"start":{"line":1,"column":15},"end":{"line":1,"column":32}},"1":{"start":{"line":4,"column":18},"end":{"line":4,"column":20}},"2":{"start":{"line":5,"column":19},"end":{"line":5,"column":21}},"3":{"start":{"line":7,"column":21},"end":{"line":7,"column":25}},"4":{"start":{"line":10,"column":2},"end":{"line":10,"column":44}},"5":{"start":{"line":10,"column":22},"end":{"line":10,"column":44}},"6":{"start":{"line":12,"column":14},"end":{"line":12,"column":40}},"7":{"start":{"line":13,"column":2},"end":{"line":17,"column":3}},"8":{"start":{"line":14,"column":4},"end":{"line":16,"column":6}},"9":{"start":{"line":19,"column":2},"end":{"line":19,"column":46}},"10":{"start":{"line":20,"column":2},"end":{"line":22,"column":3}},"11":{"start":{"line":21,"column":4},"end":{"line":21,"column":88}},"12":{"start":{"line":24,"column":2},"end":{"line":24,"column":24}},"13":{"start":{"line":28,"column":14},"end":{"line":28,"column":32}},"14":{"start":{"line":29,"column":13},"end":{"line":29,"column":42}},"15":{"start":{"line":30,"column":17},"end":{"line":30,"column":62}},"16":{"start":{"line":31,"column":18},"end":{"line":31,"column":55}},"17":{"start":{"line":32,"column":2},"end":{"line":32,"column":38}},"18":{"start":{"line":33,"column":14},"end":{"line":33,"column":33}},"19":{"start":{"line":35,"column":18},"end":{"line":35,"column":76}},"20":{"start":{"line":36,"column":2},"end":{"line":36,"column":36}},"21":{"start":{"line":40,"column":14},"end":{"line":40,"column":32}},"22":{"start":{"line":41,"column":18},"end":{"line":41,"column":54}},"23":{"start":{"line":42,"column":13},"end":{"line":42,"column":43}},"24":{"start":{"line":43,"column":14},"end":{"line":43,"column":65}},"25":{"start":{"line":44,"column":20},"end":{"line":44,"column":60}},"26":{"start":{"line":45,"column":19},"end":{"line":45,"column":66}},"27":{"start":{"line":46,"column":2},"end":{"line":46,"column":27}},"28":{"start":{"line":47,"column":18},"end":{"line":47,"column":63}},"29":{"start":{"line":48,"column":2},"end":{"line":48,"column":38}},"30":{"start":{"line":49,"column":2},"end":{"line":49,"column":19}},"31":{"start":{"line":52,"column":0},"end":{"line":52,"column":38}}},"fnMap":{"0":{"name":"getEncryptionKey","decl":{"start":{"line":9,"column":9},"end":{"line":9,"column":25}},"loc":{"start":{"line":9,"column":28},"end":{"line":25,"column":1}},"line":9},"1":{"name":"encrypt","decl":{"start":{"line":27,"column":9},"end":{"line":27,"column":16}},"loc":{"start":{"line":27,"column":23},"end":{"line":37,"column":1}},"line":27},"2":{"name":"decrypt","decl":{"start":{"line":39,"column":9},"end":{"line":39,"column":16}},"loc":{"start":{"line":39,"column":32},"end":{"line":50,"column":1}},"line":39}},"branchMap":{"0":{"loc":{"start":{"line":10,"column":2},"end":{"line":10,"column":44}},"type":"if","locations":[{"start":{"line":10,"column":2},"end":{"line":10,"column":44}},{"start":{},"end":{}}],"line":10},"1":{"loc":{"start":{"line":13,"column":2},"end":{"line":17,"column":3}},"type":"if","locations":[{"start":{"line":13,"column":2},"end":{"line":17,"column":3}},{"start":{},"end":{}}],"line":13},"2":{"loc":{"start":{"line":20,"column":2},"end":{"line":22,"column":3}},"type":"if","locations":[{"start":{"line":20,"column":2},"end":{"line":22,"column":3}},{"start":{},"end":{}}],"line":20}},"s":{"0":1,"1":1,"2":1,"3":1,"4":0,"5":0,"6":0,"7":0,"8":0,"9":0,"10":0,"11":0,"12":0,"13":0,"14":0,"15":0,"16":0,"17":0,"18":0,"19":0,"20":0,"21":0,"22":0,"23":0,"24":0,"25":0,"26":0,"27":0,"28":0,"29":0,"30":0,"31":1},"f":{"0":0,"1":0,"2":0},"b":{"0":[0,0],"1":[0,0],"2":[0,0]},"_coverageSchema":"1a1c01bbd47fc00a2c39e90264f33305004495a9","hash":"87937af5dcb41eeb1a97189d15f42cc49597679e"}
,"C:\\Users\\nithy\\DevFlow\\backend\\utils\\jwt.utils.js": {"path":"C:\\Users\\nithy\\DevFlow\\backend\\utils\\jwt.utils.js","statementMap":{"0":{"start":{"line":1,"column":12},"end":{"line":1,"column":35}},"1":{"start":{"line":3,"column":28},"end":{"line":7,"column":1}},"2":{"start":{"line":4,"column":2},"end":{"line":6,"column":5}},"3":{"start":{"line":9,"column":23},"end":{"line":18,"column":1}},"4":{"start":{"line":10,"column":24},"end":{"line":15,"column":3}},"5":{"start":{"line":17,"column":2},"end":{"line":17,"column":52}},"6":{"start":{"line":20,"column":25},"end":{"line":27,"column":1}},"7":{"start":{"line":21,"column":2},"end":{"line":26,"column":5}},"8":{"start":{"line":29,"column":0},"end":{"line":33,"column":2}}},"fnMap":{"0":{"name":"(anonymous_0)","decl":{"start":{"line":3,"column":28},"end":{"line":3,"column":29}},"loc":{"start":{"line":3,"column":40},"end":{"line":7,"column":1}},"line":3},"1":{"name":"(anonymous_1)","decl":{"start":{"line":9,"column":23},"end":{"line":9,"column":24}},"loc":{"start":{"line":9,"column":39},"end":{"line":18,"column":1}},"line":9},"2":{"name":"(anonymous_2)","decl":{"start":{"line":20,"column":25},"end":{"line":20,"column":26}},"loc":{"start":{"line":20,"column":34},"end":{"line":27,"column":1}},"line":20}},"branchMap":{"0":{"loc":{"start":{"line":5,"column":15},"end":{"line":5,"column":49}},"type":"binary-expr","locations":[{"start":{"line":5,"column":15},"end":{"line":5,"column":41}},{"start":{"line":5,"column":45},"end":{"line":5,"column":49}}],"line":5}},"s":{"0":1,"1":1,"2":1,"3":1,"4":1,"5":1,"6":1,"7":0,"8":1},"f":{"0":1,"1":1,"2":0},"b":{"0":[1,1]},"_coverageSchema":"1a1c01bbd47fc00a2c39e90264f33305004495a9","hash":"861ec96fe4b157a36a8ff96d48b91b16858a6f38"}
,"C:\\Users\\nithy\\DevFlow\\backend\\utils\\logger.js": {"path":"C:\\Users\\nithy\\DevFlow\\backend\\utils\\logger.js","statementMap":{"0":{"start":{"line":1,"column":13},"end":{"line":1,"column":28}},"1":{"start":{"line":3,"column":21},"end":{"line":3,"column":58}},"2":{"start":{"line":5,"column":15},"end":{"line":25,"column":5}},"3":{"start":{"line":27,"column":0},"end":{"line":27,"column":24}}},"fnMap":{},"branchMap":{"0":{"loc":{"start":{"line":5,"column":15},"end":{"line":25,"column":5}},"type":"cond-expr","locations":[{"start":{"line":6,"column":4},"end":{"line":10,"column":6}},{"start":{"line":11,"column":4},"end":{"line":25,"column":5}}],"line":5},"1":{"loc":{"start":{"line":7,"column":13},"end":{"line":7,"column":44}},"type":"binary-expr","locations":[{"start":{"line":7,"column":13},"end":{"line":7,"column":34}},{"start":{"line":7,"column":38},"end":{"line":7,"column":44}}],"line":7},"2":{"loc":{"start":{"line":13,"column":15},"end":{"line":13,"column":46}},"type":"binary-expr","locations":[{"start":{"line":13,"column":15},"end":{"line":13,"column":36}},{"start":{"line":13,"column":40},"end":{"line":13,"column":46}}],"line":13}},"s":{"0":2,"1":2,"2":2,"3":2},"f":{},"b":{"0":[0,2],"1":[0,0],"2":[2,2]},"_coverageSchema":"1a1c01bbd47fc00a2c39e90264f33305004495a9","hash":"256346ccb3a7cab361a768ea4ab6ec665cdbaa9a"}
,"C:\\Users\\nithy\\DevFlow\\backend\\utils\\rbac.js": {"path":"C:\\Users\\nithy\\DevFlow\\backend\\utils\\rbac.js","statementMap":{"0":{"start":{"line":9,"column":26},"end":{"line":12,"column":1}},"1":{"start":{"line":10,"column":2},"end":{"line":10,"column":27}},"2":{"start":{"line":10,"column":15},"end":{"line":10,"column":27}},"3":{"start":{"line":11,"column":2},"end":{"line":11,"column":15}},"4":{"start":{"line":14,"column":0},"end":{"line":14,"column":39}}},"fnMap":{"0":{"name":"(anonymous_0)","decl":{"start":{"line":9,"column":26},"end":{"line":9,"column":27}},"loc":{"start":{"line":9,"column":77},"end":{"line":12,"column":1}},"line":9}},"branchMap":{"0":{"loc":{"start":{"line":9,"column":49},"end":{"line":9,"column":72}},"type":"default-arg","locations":[{"start":{"line":9,"column":64},"end":{"line":9,"column":72}}],"line":9},"1":{"loc":{"start":{"line":10,"column":2},"end":{"line":10,"column":27}},"type":"if","locations":[{"start":{"line":10,"column":2},"end":{"line":10,"column":27}},{"start":{},"end":{}}],"line":10}},"s":{"0":1,"1":0,"2":0,"3":0,"4":1},"f":{"0":0},"b":{"0":[0],"1":[0,0]},"_coverageSchema":"1a1c01bbd47fc00a2c39e90264f33305004495a9","hash":"b63dc76e73a008398db87a3791a0fc8eec2fb1e8"}
,"C:\\Users\\nithy\\DevFlow\\backend\\utils\\socketService.js": {"path":"C:\\Users\\nithy\\DevFlow\\backend\\utils\\socketService.js","statementMap":{"0":{"start":{"line":2,"column":12},"end":{"line":2,"column":35}},"1":{"start":{"line":3,"column":13},"end":{"line":3,"column":44}},"2":{"start":{"line":4,"column":15},"end":{"line":4,"column":34}},"3":{"start":{"line":10,"column":24},"end":{"line":62,"column":1}},"4":{"start":{"line":12,"column":2},"end":{"line":47,"column":5}},"5":{"start":{"line":13,"column":4},"end":{"line":46,"column":5}},"6":{"start":{"line":17,"column":27},"end":{"line":17,"column":56}},"7":{"start":{"line":18,"column":6},"end":{"line":20,"column":7}},"8":{"start":{"line":19,"column":8},"end":{"line":19,"column":67}},"9":{"start":{"line":23,"column":22},"end":{"line":27,"column":12}},"10":{"start":{"line":24,"column":30},"end":{"line":24,"column":54}},"11":{"start":{"line":25,"column":8},"end":{"line":25,"column":26}},"12":{"start":{"line":26,"column":8},"end":{"line":26,"column":19}},"13":{"start":{"line":29,"column":20},"end":{"line":29,"column":41}},"14":{"start":{"line":30,"column":6},"end":{"line":32,"column":7}},"15":{"start":{"line":31,"column":8},"end":{"line":31,"column":65}},"16":{"start":{"line":34,"column":22},"end":{"line":34,"column":63}},"17":{"start":{"line":35,"column":19},"end":{"line":35,"column":70}},"18":{"start":{"line":37,"column":6},"end":{"line":39,"column":7}},"19":{"start":{"line":38,"column":8},"end":{"line":38,"column":71}},"20":{"start":{"line":42,"column":6},"end":{"line":42,"column":25}},"21":{"start":{"line":43,"column":6},"end":{"line":43,"column":13}},"22":{"start":{"line":45,"column":6},"end":{"line":45,"column":61}},"23":{"start":{"line":49,"column":2},"end":{"line":61,"column":5}},"24":{"start":{"line":51,"column":21},"end":{"line":51,"column":46}},"25":{"start":{"line":52,"column":4},"end":{"line":52,"column":26}},"26":{"start":{"line":58,"column":4},"end":{"line":60,"column":7}},"27":{"start":{"line":67,"column":31},"end":{"line":72,"column":1}},"28":{"start":{"line":68,"column":13},"end":{"line":68,"column":59}},"29":{"start":{"line":69,"column":2},"end":{"line":71,"column":3}},"30":{"start":{"line":70,"column":4},"end":{"line":70,"column":70}},"31":{"start":{"line":74,"column":0},"end":{"line":74,"column":61}}},"fnMap":{"0":{"name":"(anonymous_0)","decl":{"start":{"line":10,"column":24},"end":{"line":10,"column":25}},"loc":{"start":{"line":10,"column":32},"end":{"line":62,"column":1}},"line":10},"1":{"name":"(anonymous_1)","decl":{"start":{"line":12,"column":9},"end":{"line":12,"column":10}},"loc":{"start":{"line":12,"column":33},"end":{"line":47,"column":3}},"line":12},"2":{"name":"(anonymous_2)","decl":{"start":{"line":23,"column":53},"end":{"line":23,"column":54}},"loc":{"start":{"line":23,"column":70},"end":{"line":27,"column":7}},"line":23},"3":{"name":"(anonymous_3)","decl":{"start":{"line":49,"column":22},"end":{"line":49,"column":23}},"loc":{"start":{"line":49,"column":40},"end":{"line":61,"column":3}},"line":49},"4":{"name":"(anonymous_4)","decl":{"start":{"line":58,"column":28},"end":{"line":58,"column":29}},"loc":{"start":{"line":58,"column":34},"end":{"line":60,"column":5}},"line":58},"5":{"name":"(anonymous_5)","decl":{"start":{"line":67,"column":31},"end":{"line":67,"column":32}},"loc":{"start":{"line":67,"column":65},"end":{"line":72,"column":1}},"line":67}},"branchMap":{"0":{"loc":{"start":{"line":18,"column":6},"end":{"line":20,"column":7}},"type":"if","locations":[{"start":{"line":18,"column":6},"end":{"line":20,"column":7}},{"start":{},"end":{}}],"line":18},"1":{"loc":{"start":{"line":30,"column":6},"end":{"line":32,"column":7}},"type":"if","locations":[{"start":{"line":30,"column":6},"end":{"line":32,"column":7}},{"start":{},"end":{}}],"line":30},"2":{"loc":{"start":{"line":37,"column":6},"end":{"line":39,"column":7}},"type":"if","locations":[{"start":{"line":37,"column":6},"end":{"line":39,"column":7}},{"start":{},"end":{}}],"line":37},"3":{"loc":{"start":{"line":68,"column":13},"end":{"line":68,"column":59}},"type":"cond-expr","locations":[{"start":{"line":68,"column":30},"end":{"line":68,"column":47}},{"start":{"line":68,"column":50},"end":{"line":68,"column":59}}],"line":68},"4":{"loc":{"start":{"line":68,"column":13},"end":{"line":68,"column":27}},"type":"binary-expr","locations":[{"start":{"line":68,"column":13},"end":{"line":68,"column":16}},{"start":{"line":68,"column":20},"end":{"line":68,"column":27}}],"line":68},"5":{"loc":{"start":{"line":69,"column":2},"end":{"line":71,"column":3}},"type":"if","locations":[{"start":{"line":69,"column":2},"end":{"line":71,"column":3}},{"start":{},"end":{}}],"line":69}},"s":{"0":1,"1":1,"2":1,"3":1,"4":1,"5":0,"6":0,"7":0,"8":0,"9":0,"10":0,"11":0,"12":0,"13":0,"14":0,"15":0,"16":0,"17":0,"18":0,"19":0,"20":0,"21":0,"22":0,"23":1,"24":0,"25":0,"26":0,"27":1,"28":1,"29":1,"30":1,"31":1},"f":{"0":1,"1":0,"2":0,"3":0,"4":0,"5":1},"b":{"0":[0,0],"1":[0,0],"2":[0,0],"3":[1,0],"4":[1,1],"5":[1,0]},"_coverageSchema":"1a1c01bbd47fc00a2c39e90264f33305004495a9","hash":"3acb012ad15e00b538e004614228f38793c92a30"}
,"C:\\Users\\nithy\\DevFlow\\backend\\validators\\apiVault.validators.js": {"path":"C:\\Users\\nithy\\DevFlow\\backend\\validators\\apiVault.validators.js","statementMap":{"0":{"start":{"line":2,"column":14},"end":{"line":2,"column":28}},"1":{"start":{"line":4,"column":19},"end":{"line":4,"column":66}},"2":{"start":{"line":6,"column":29},"end":{"line":30,"column":2}},"3":{"start":{"line":22,"column":41},"end":{"line":22,"column":105}},"4":{"start":{"line":32,"column":29},"end":{"line":32,"column":59}},"5":{"start":{"line":34,"column":0},"end":{"line":34,"column":76}}},"fnMap":{"0":{"name":"(anonymous_0)","decl":{"start":{"line":22,"column":34},"end":{"line":22,"column":35}},"loc":{"start":{"line":22,"column":41},"end":{"line":22,"column":105}},"line":22}},"branchMap":{},"s":{"0":1,"1":1,"2":1,"3":0,"4":1,"5":1},"f":{"0":0},"b":{},"_coverageSchema":"1a1c01bbd47fc00a2c39e90264f33305004495a9","hash":"e01889cd377f2e780584230cae415ded6bfb7556"}
,"C:\\Users\\nithy\\DevFlow\\backend\\validators\\auth.validators.js": {"path":"C:\\Users\\nithy\\DevFlow\\backend\\validators\\auth.validators.js","statementMap":{"0":{"start":{"line":1,"column":14},"end":{"line":1,"column":28}},"1":{"start":{"line":3,"column":23},"end":{"line":7,"column":2}},"2":{"start":{"line":9,"column":20},"end":{"line":12,"column":2}},"3":{"start":{"line":14,"column":29},"end":{"line":16,"column":2}},"4":{"start":{"line":18,"column":28},"end":{"line":20,"column":2}},"5":{"start":{"line":22,"column":0},"end":{"line":27,"column":2}}},"fnMap":{},"branchMap":{},"s":{"0":1,"1":1,"2":1,"3":1,"4":1,"5":1},"f":{},"b":{},"_coverageSchema":"1a1c01bbd47fc00a2c39e90264f33305004495a9","hash":"e2e2594a9688e0538fed39bb8662c578d77354c6"}
,"C:\\Users\\nithy\\DevFlow\\backend\\validators\\bookmark.validators.js": {"path":"C:\\Users\\nithy\\DevFlow\\backend\\validators\\bookmark.validators.js","statementMap":{"0":{"start":{"line":2,"column":14},"end":{"line":2,"column":28}},"1":{"start":{"line":4,"column":29},"end":{"line":24,"column":2}},"2":{"start":{"line":26,"column":29},"end":{"line":26,"column":59}},"3":{"start":{"line":28,"column":0},"end":{"line":28,"column":64}}},"fnMap":{},"branchMap":{},"s":{"0":1,"1":1,"2":1,"3":1},"f":{},"b":{},"_coverageSchema":"1a1c01bbd47fc00a2c39e90264f33305004495a9","hash":"e3a8e1877ce77adc40e5ed7976719104e457e1b3"}
,"C:\\Users\\nithy\\DevFlow\\backend\\validators\\comment.validators.js": {"path":"C:\\Users\\nithy\\DevFlow\\backend\\validators\\comment.validators.js","statementMap":{"0":{"start":{"line":2,"column":14},"end":{"line":2,"column":28}},"1":{"start":{"line":3,"column":17},"end":{"line":3,"column":36}},"2":{"start":{"line":5,"column":28},"end":{"line":13,"column":2}},"3":{"start":{"line":10,"column":21},"end":{"line":10,"column":57}},"4":{"start":{"line":15,"column":0},"end":{"line":15,"column":41}}},"fnMap":{"0":{"name":"(anonymous_0)","decl":{"start":{"line":10,"column":12},"end":{"line":10,"column":13}},"loc":{"start":{"line":10,"column":21},"end":{"line":10,"column":57}},"line":10}},"branchMap":{},"s":{"0":1,"1":1,"2":1,"3":0,"4":1},"f":{"0":0},"b":{},"_coverageSchema":"1a1c01bbd47fc00a2c39e90264f33305004495a9","hash":"8dbc834069e87cc4cea5f76e325d299bae25f090"}
,"C:\\Users\\nithy\\DevFlow\\backend\\validators\\doc.validators.js": {"path":"C:\\Users\\nithy\\DevFlow\\backend\\validators\\doc.validators.js","statementMap":{"0":{"start":{"line":2,"column":14},"end":{"line":2,"column":28}},"1":{"start":{"line":4,"column":24},"end":{"line":21,"column":2}},"2":{"start":{"line":23,"column":24},"end":{"line":23,"column":49}},"3":{"start":{"line":25,"column":0},"end":{"line":25,"column":54}}},"fnMap":{},"branchMap":{},"s":{"0":1,"1":1,"2":1,"3":1},"f":{},"b":{},"_coverageSchema":"1a1c01bbd47fc00a2c39e90264f33305004495a9","hash":"f4d0c9a06688427dcb7272c56a5ca95998b5526b"}
,"C:\\Users\\nithy\\DevFlow\\backend\\validators\\env.validators.js": {"path":"C:\\Users\\nithy\\DevFlow\\backend\\validators\\env.validators.js","statementMap":{"0":{"start":{"line":2,"column":14},"end":{"line":2,"column":28}},"1":{"start":{"line":3,"column":17},"end":{"line":3,"column":36}},"2":{"start":{"line":5,"column":24},"end":{"line":23,"column":2}},"3":{"start":{"line":8,"column":21},"end":{"line":8,"column":57}},"4":{"start":{"line":25,"column":24},"end":{"line":37,"column":2}},"5":{"start":{"line":39,"column":0},"end":{"line":39,"column":54}}},"fnMap":{"0":{"name":"(anonymous_0)","decl":{"start":{"line":8,"column":12},"end":{"line":8,"column":13}},"loc":{"start":{"line":8,"column":21},"end":{"line":8,"column":57}},"line":8}},"branchMap":{},"s":{"0":1,"1":1,"2":1,"3":0,"4":1,"5":1},"f":{"0":0},"b":{},"_coverageSchema":"1a1c01bbd47fc00a2c39e90264f33305004495a9","hash":"6628b87aab4650973766b2244f3c36298e309587"}
,"C:\\Users\\nithy\\DevFlow\\backend\\validators\\note.validators.js": {"path":"C:\\Users\\nithy\\DevFlow\\backend\\validators\\note.validators.js","statementMap":{"0":{"start":{"line":2,"column":14},"end":{"line":2,"column":28}},"1":{"start":{"line":4,"column":25},"end":{"line":22,"column":2}},"2":{"start":{"line":24,"column":25},"end":{"line":24,"column":51}},"3":{"start":{"line":26,"column":0},"end":{"line":26,"column":56}}},"fnMap":{},"branchMap":{},"s":{"0":1,"1":1,"2":1,"3":1},"f":{},"b":{},"_coverageSchema":"1a1c01bbd47fc00a2c39e90264f33305004495a9","hash":"abaa5bde3e026e5585d256c1c5ae352e3e891aee"}
,"C:\\Users\\nithy\\DevFlow\\backend\\validators\\project.validators.js": {"path":"C:\\Users\\nithy\\DevFlow\\backend\\validators\\project.validators.js","statementMap":{"0":{"start":{"line":2,"column":14},"end":{"line":2,"column":28}},"1":{"start":{"line":4,"column":28},"end":{"line":30,"column":2}},"2":{"start":{"line":32,"column":28},"end":{"line":32,"column":57}},"3":{"start":{"line":34,"column":0},"end":{"line":34,"column":62}}},"fnMap":{},"branchMap":{},"s":{"0":1,"1":1,"2":1,"3":1},"f":{},"b":{},"_coverageSchema":"1a1c01bbd47fc00a2c39e90264f33305004495a9","hash":"ddc59f6ff6a4bbb86b288c2a205f5740782e417a"}
,"C:\\Users\\nithy\\DevFlow\\backend\\validators\\snippet.validators.js": {"path":"C:\\Users\\nithy\\DevFlow\\backend\\validators\\snippet.validators.js","statementMap":{"0":{"start":{"line":2,"column":14},"end":{"line":2,"column":28}},"1":{"start":{"line":4,"column":28},"end":{"line":38,"column":2}},"2":{"start":{"line":40,"column":28},"end":{"line":40,"column":57}},"3":{"start":{"line":42,"column":0},"end":{"line":42,"column":62}}},"fnMap":{},"branchMap":{},"s":{"0":1,"1":1,"2":1,"3":1},"f":{},"b":{},"_coverageSchema":"1a1c01bbd47fc00a2c39e90264f33305004495a9","hash":"008d449b4503e61ac67906350c68c11825d54b7c"}
}
